<?xml version="1.0" encoding="UTF-8"?>
<testsuite name="com.endqh.board.springboot.domain.posts.PostsRepositoryTest" tests="2" skipped="0" failures="0" errors="0" timestamp="2023-05-04T09:47:35" hostname="DESKTOP-JJJCJG6" time="0.293">
  <properties/>
  <testcase name="게시글저장_불러오기" classname="com.endqh.board.springboot.domain.posts.PostsRepositoryTest" time="0.28"/>
  <testcase name="BaseTimeEntity_등록" classname="com.endqh.board.springboot.domain.posts.PostsRepositoryTest" time="0.012"/>
  <system-out><![CDATA[18:47:29.424 [Test worker] DEBUG org.springframework.test.context.junit4.SpringJUnit4ClassRunner - SpringJUnit4ClassRunner constructor called with [class com.endqh.board.springboot.domain.posts.PostsRepositoryTest]
18:47:29.433 [Test worker] DEBUG org.springframework.test.context.BootstrapUtils - Instantiating CacheAwareContextLoaderDelegate from class [org.springframework.test.context.cache.DefaultCacheAwareContextLoaderDelegate]
18:47:29.443 [Test worker] DEBUG org.springframework.test.context.BootstrapUtils - Instantiating BootstrapContext using constructor [public org.springframework.test.context.support.DefaultBootstrapContext(java.lang.Class,org.springframework.test.context.CacheAwareContextLoaderDelegate)]
18:47:29.459 [Test worker] DEBUG org.springframework.test.context.BootstrapUtils - Instantiating TestContextBootstrapper for test class [com.endqh.board.springboot.domain.posts.PostsRepositoryTest] from class [org.springframework.boot.test.context.SpringBootTestContextBootstrapper]
18:47:29.473 [Test worker] INFO org.springframework.boot.test.context.SpringBootTestContextBootstrapper - Neither @ContextConfiguration nor @ContextHierarchy found for test class [com.endqh.board.springboot.domain.posts.PostsRepositoryTest], using SpringBootContextLoader
18:47:29.477 [Test worker] DEBUG org.springframework.test.context.support.AbstractContextLoader - Did not detect default resource location for test class [com.endqh.board.springboot.domain.posts.PostsRepositoryTest]: class path resource [com/endqh/board/springboot/domain/posts/PostsRepositoryTest-context.xml] does not exist
18:47:29.478 [Test worker] DEBUG org.springframework.test.context.support.AbstractContextLoader - Did not detect default resource location for test class [com.endqh.board.springboot.domain.posts.PostsRepositoryTest]: class path resource [com/endqh/board/springboot/domain/posts/PostsRepositoryTestContext.groovy] does not exist
18:47:29.478 [Test worker] INFO org.springframework.test.context.support.AbstractContextLoader - Could not detect default resource locations for test class [com.endqh.board.springboot.domain.posts.PostsRepositoryTest]: no resource found for suffixes {-context.xml, Context.groovy}.
18:47:29.478 [Test worker] INFO org.springframework.test.context.support.AnnotationConfigContextLoaderUtils - Could not detect default configuration classes for test class [com.endqh.board.springboot.domain.posts.PostsRepositoryTest]: PostsRepositoryTest does not declare any static, non-private, non-final, nested classes annotated with @Configuration.
18:47:29.523 [Test worker] DEBUG org.springframework.test.context.support.ActiveProfilesUtils - Could not find an 'annotation declaring class' for annotation type [org.springframework.test.context.ActiveProfiles] and class [com.endqh.board.springboot.domain.posts.PostsRepositoryTest]
18:47:29.602 [Test worker] DEBUG org.springframework.context.annotation.ClassPathScanningCandidateComponentProvider - Identified candidate component class: file [C:\Basic for be Web Developer\awsboard\build\classes\java\main\com\endqh\board\springboot\Application.class]
18:47:29.604 [Test worker] INFO org.springframework.boot.test.context.SpringBootTestContextBootstrapper - Found @SpringBootConfiguration com.endqh.board.springboot.Application for test class com.endqh.board.springboot.domain.posts.PostsRepositoryTest
18:47:29.715 [Test worker] DEBUG org.springframework.boot.test.context.SpringBootTestContextBootstrapper - @TestExecutionListeners is not present for class [com.endqh.board.springboot.domain.posts.PostsRepositoryTest]: using defaults.
18:47:29.715 [Test worker] INFO org.springframework.boot.test.context.SpringBootTestContextBootstrapper - Loaded default TestExecutionListener class names from location [META-INF/spring.factories]: [org.springframework.security.test.context.support.WithSecurityContextTestExecutionListener, org.springframework.security.test.context.support.ReactorContextTestExecutionListener, org.springframework.boot.test.autoconfigure.restdocs.RestDocsTestExecutionListener, org.springframework.boot.test.autoconfigure.web.client.MockRestServiceServerResetTestExecutionListener, org.springframework.boot.test.autoconfigure.web.servlet.MockMvcPrintOnlyOnFailureTestExecutionListener, org.springframework.boot.test.autoconfigure.web.servlet.WebDriverTestExecutionListener, org.springframework.boot.test.mock.mockito.MockitoTestExecutionListener, org.springframework.boot.test.mock.mockito.ResetMocksTestExecutionListener, org.springframework.test.context.web.ServletTestExecutionListener, org.springframework.test.context.support.DirtiesContextBeforeModesTestExecutionListener, org.springframework.test.context.support.DependencyInjectionTestExecutionListener, org.springframework.test.context.support.DirtiesContextTestExecutionListener, org.springframework.test.context.transaction.TransactionalTestExecutionListener, org.springframework.test.context.jdbc.SqlScriptsTestExecutionListener]
18:47:29.738 [Test worker] INFO org.springframework.boot.test.context.SpringBootTestContextBootstrapper - Using TestExecutionListeners: [org.springframework.test.context.web.ServletTestExecutionListener@262799a9, org.springframework.test.context.support.DirtiesContextBeforeModesTestExecutionListener@6382c382, org.springframework.boot.test.mock.mockito.MockitoTestExecutionListener@2bee0895, org.springframework.boot.test.autoconfigure.SpringBootDependencyInjectionTestExecutionListener@35a59e89, org.springframework.test.context.support.DirtiesContextTestExecutionListener@2fd5a345, org.springframework.test.context.transaction.TransactionalTestExecutionListener@5abefbee, org.springframework.test.context.jdbc.SqlScriptsTestExecutionListener@1cffa8c, org.springframework.security.test.context.support.WithSecurityContextTestExecutionListener@18876dea, org.springframework.security.test.context.support.ReactorContextTestExecutionListener@1a4a3a34, org.springframework.boot.test.autoconfigure.restdocs.RestDocsTestExecutionListener@3786c318, org.springframework.boot.test.autoconfigure.web.client.MockRestServiceServerResetTestExecutionListener@496344fe, org.springframework.boot.test.autoconfigure.web.servlet.MockMvcPrintOnlyOnFailureTestExecutionListener@6a288805, org.springframework.boot.test.autoconfigure.web.servlet.WebDriverTestExecutionListener@217884ee, org.springframework.boot.test.mock.mockito.ResetMocksTestExecutionListener@20e70dda]
18:47:29.741 [Test worker] DEBUG org.springframework.test.annotation.ProfileValueUtils - Retrieved @ProfileValueSourceConfiguration [null] for test class [com.endqh.board.springboot.domain.posts.PostsRepositoryTest]
18:47:29.741 [Test worker] DEBUG org.springframework.test.annotation.ProfileValueUtils - Retrieved ProfileValueSource type [class org.springframework.test.annotation.SystemProfileValueSource] for class [com.endqh.board.springboot.domain.posts.PostsRepositoryTest]
18:47:29.742 [Test worker] DEBUG org.springframework.test.annotation.ProfileValueUtils - Retrieved @ProfileValueSourceConfiguration [null] for test class [com.endqh.board.springboot.domain.posts.PostsRepositoryTest]
18:47:29.742 [Test worker] DEBUG org.springframework.test.annotation.ProfileValueUtils - Retrieved ProfileValueSource type [class org.springframework.test.annotation.SystemProfileValueSource] for class [com.endqh.board.springboot.domain.posts.PostsRepositoryTest]
18:47:29.747 [Test worker] DEBUG org.springframework.test.context.support.AbstractDirtiesContextTestExecutionListener - Before test class: context [DefaultTestContext@713bc9e3 testClass = PostsRepositoryTest, testInstance = [null], testMethod = [null], testException = [null], mergedContextConfiguration = [WebMergedContextConfiguration@7e2392 testClass = PostsRepositoryTest, locations = '{}', classes = '{class com.endqh.board.springboot.Application}', contextInitializerClasses = '[]', activeProfiles = '{}', propertySourceLocations = '{}', propertySourceProperties = '{org.springframework.boot.test.context.SpringBootTestContextBootstrapper=true}', contextCustomizers = set[org.springframework.boot.test.autoconfigure.properties.PropertyMappingContextCustomizer@0, org.springframework.boot.test.autoconfigure.web.servlet.WebDriverContextCustomizerFactory$Customizer@b24baf2, org.springframework.boot.test.context.filter.ExcludeFilterContextCustomizer@13859cf4, org.springframework.boot.test.json.DuplicateJsonObjectContextCustomizerFactory$DuplicateJsonObjectContextCustomizer@270237f3, org.springframework.boot.test.mock.mockito.MockitoContextCustomizer@0, org.springframework.boot.test.web.client.TestRestTemplateContextCustomizer@10afd13e], resourceBasePath = 'src/main/webapp', contextLoader = 'org.springframework.boot.test.context.SpringBootContextLoader', parent = [null]], attributes = map['org.springframework.test.context.web.ServletTestExecutionListener.activateListener' -> true]], class annotated with @DirtiesContext [false] with mode [null].
18:47:29.748 [Test worker] DEBUG org.springframework.test.annotation.ProfileValueUtils - Retrieved @ProfileValueSourceConfiguration [null] for test class [com.endqh.board.springboot.domain.posts.PostsRepositoryTest]
18:47:29.748 [Test worker] DEBUG org.springframework.test.annotation.ProfileValueUtils - Retrieved ProfileValueSource type [class org.springframework.test.annotation.SystemProfileValueSource] for class [com.endqh.board.springboot.domain.posts.PostsRepositoryTest]
18:47:29.773 [Test worker] DEBUG org.springframework.test.context.support.TestPropertySourceUtils - Adding inlined properties to environment: {spring.jmx.enabled=false, org.springframework.boot.test.context.SpringBootTestContextBootstrapper=true, server.port=-1}

  .   ____          _            __ _ _
 /\\ / ___'_ __ _ _(_)_ __  __ _ \ \ \ \
( ( )\___ | '_ | '_| | '_ \/ _` | \ \ \ \
 \\/  ___)| |_)| | | | | || (_| |  ) ) ) )
  '  |____| .__|_| |_|_| |_\__, | / / / /
 =========|_|==============|___/=/_/_/_/
 :: Spring Boot ::        (v2.1.9.RELEASE)

2023-05-04 18:47:30.073  INFO 3712 --- [    Test worker] c.e.b.s.d.posts.PostsRepositoryTest      : Starting PostsRepositoryTest on DESKTOP-JJJCJG6 with PID 3712 (started by IkJu in C:\Basic for be Web Developer\awsboard)
2023-05-04 18:47:30.074  INFO 3712 --- [    Test worker] c.e.b.s.d.posts.PostsRepositoryTest      : No active profile set, falling back to default profiles: default
2023-05-04 18:47:30.926  INFO 3712 --- [    Test worker] .s.d.r.c.RepositoryConfigurationDelegate : Bootstrapping Spring Data repositories in DEFAULT mode.
2023-05-04 18:47:31.017  INFO 3712 --- [    Test worker] .s.d.r.c.RepositoryConfigurationDelegate : Finished Spring Data repository scanning in 82ms. Found 2 repository interfaces.
2023-05-04 18:47:31.505  INFO 3712 --- [    Test worker] trationDelegate$BeanPostProcessorChecker : Bean 'org.springframework.transaction.annotation.ProxyTransactionManagementConfiguration' of type [org.springframework.transaction.annotation.ProxyTransactionManagementConfiguration$$EnhancerBySpringCGLIB$$8d47a67e] is not eligible for getting processed by all BeanPostProcessors (for example: not eligible for auto-proxying)
2023-05-04 18:47:31.711  INFO 3712 --- [    Test worker] com.zaxxer.hikari.HikariDataSource       : HikariPool-1 - Starting...
2023-05-04 18:47:31.900  INFO 3712 --- [    Test worker] com.zaxxer.hikari.HikariDataSource       : HikariPool-1 - Start completed.
2023-05-04 18:47:32.011  INFO 3712 --- [    Test worker] o.hibernate.jpa.internal.util.LogHelper  : HHH000204: Processing PersistenceUnitInfo [
	name: default
	...]
2023-05-04 18:47:32.115  INFO 3712 --- [    Test worker] org.hibernate.Version                    : HHH000412: Hibernate Core {5.3.12.Final}
2023-05-04 18:47:32.118  INFO 3712 --- [    Test worker] org.hibernate.cfg.Environment            : HHH000206: hibernate.properties not found
2023-05-04 18:47:32.341  INFO 3712 --- [    Test worker] o.hibernate.annotations.common.Version   : HCANN000001: Hibernate Commons Annotations {5.0.4.Final}
2023-05-04 18:47:32.549  INFO 3712 --- [    Test worker] org.hibernate.dialect.Dialect            : HHH000400: Using dialect: org.hibernate.dialect.MySQL5InnoDBDialect
Hibernate: drop table if exists posts
Hibernate: drop table if exists user
Hibernate: create table posts (id bigint not null auto_increment, created_date datetime, modified_date datetime, author varchar(255), content TEXT not null, title varchar(500) not null, primary key (id)) engine=InnoDB
Hibernate: create table user (id bigint not null auto_increment, created_date datetime, modified_date datetime, email varchar(255) not null, name varchar(255) not null, picture varchar(255), role varchar(255) not null, primary key (id)) engine=InnoDB
2023-05-04 18:47:33.383  INFO 3712 --- [    Test worker] o.h.t.schema.internal.SchemaCreatorImpl  : HHH000476: Executing import script 'org.hibernate.tool.schema.internal.exec.ScriptSourceInputNonExistentImpl@724a02ed'
2023-05-04 18:47:33.388  INFO 3712 --- [    Test worker] j.LocalContainerEntityManagerFactoryBean : Initialized JPA EntityManagerFactory for persistence unit 'default'
2023-05-04 18:47:33.999  INFO 3712 --- [    Test worker] o.h.h.i.QueryTranslatorFactoryInitiator  : HHH000397: Using ASTQueryTranslatorFactory
2023-05-04 18:47:34.563  INFO 3712 --- [    Test worker] o.s.s.web.DefaultSecurityFilterChain     : Creating filter chain: any request, [org.springframework.security.web.context.request.async.WebAsyncManagerIntegrationFilter@59e9e28c, org.springframework.security.web.context.SecurityContextPersistenceFilter@504e2d30, org.springframework.security.web.header.HeaderWriterFilter@5f6a89f7, org.springframework.security.web.authentication.logout.LogoutFilter@13dc286e, org.springframework.security.oauth2.client.web.OAuth2AuthorizationRequestRedirectFilter@7d033b1, org.springframework.security.oauth2.client.web.OAuth2LoginAuthenticationFilter@3cdc9134, org.springframework.security.web.authentication.ui.DefaultLoginPageGeneratingFilter@7fd3e4a4, org.springframework.security.web.authentication.ui.DefaultLogoutPageGeneratingFilter@32ecb4f8, org.springframework.security.web.savedrequest.RequestCacheAwareFilter@9efb45, org.springframework.security.web.servletapi.SecurityContextHolderAwareRequestFilter@6bcb28e5, org.springframework.security.web.authentication.AnonymousAuthenticationFilter@395766a9, org.springframework.security.web.session.SessionManagementFilter@69eee657, org.springframework.security.web.access.ExceptionTranslationFilter@ecafebd, org.springframework.security.web.access.intercept.FilterSecurityInterceptor@55b84a67]
2023-05-04 18:47:35.188  INFO 3712 --- [    Test worker] o.s.s.concurrent.ThreadPoolTaskExecutor  : Initializing ExecutorService 'applicationTaskExecutor'
2023-05-04 18:47:35.261  WARN 3712 --- [    Test worker] aWebConfiguration$JpaWebMvcConfiguration : spring.jpa.open-in-view is enabled by default. Therefore, database queries may be performed during view rendering. Explicitly configure spring.jpa.open-in-view to disable this warning
2023-05-04 18:47:35.320  INFO 3712 --- [    Test worker] o.s.b.a.w.s.WelcomePageHandlerMapping    : Adding welcome page template: index
2023-05-04 18:47:35.914  INFO 3712 --- [    Test worker] s.a.ScheduledAnnotationBeanPostProcessor : No TaskScheduler/ScheduledExecutorService bean found for scheduled processing
2023-05-04 18:47:35.925  INFO 3712 --- [    Test worker] c.e.b.s.d.posts.PostsRepositoryTest      : Started PostsRepositoryTest in 6.141 seconds (JVM running for 7.439)
Hibernate: insert into posts (created_date, modified_date, author, content, title) values (?, ?, ?, ?, ?)
Hibernate: select posts0_.id as id1_0_, posts0_.created_date as created_2_0_, posts0_.modified_date as modified3_0_, posts0_.author as author4_0_, posts0_.content as content5_0_, posts0_.title as title6_0_ from posts posts0_
Hibernate: select posts0_.id as id1_0_, posts0_.created_date as created_2_0_, posts0_.modified_date as modified3_0_, posts0_.author as author4_0_, posts0_.content as content5_0_, posts0_.title as title6_0_ from posts posts0_
Hibernate: delete from posts where id=?
Hibernate: insert into posts (created_date, modified_date, author, content, title) values (?, ?, ?, ?, ?)
Hibernate: select posts0_.id as id1_0_, posts0_.created_date as created_2_0_, posts0_.modified_date as modified3_0_, posts0_.author as author4_0_, posts0_.content as content5_0_, posts0_.title as title6_0_ from posts posts0_
>>>>>>>>> createDate=2023-05-04T18:47:36.227643, modifiedDate=2023-05-04T18:47:36.227643
Hibernate: select posts0_.id as id1_0_, posts0_.created_date as created_2_0_, posts0_.modified_date as modified3_0_, posts0_.author as author4_0_, posts0_.content as content5_0_, posts0_.title as title6_0_ from posts posts0_
Hibernate: delete from posts where id=?
]]></system-out>
  <system-err><![CDATA[]]></system-err>
</testsuite>
