<?xml version="1.0" encoding="UTF-8"?>
<testsuite name="com.endqh.board.springboot.web.IndexControllerTest" tests="1" skipped="0" failures="0" errors="0" timestamp="2023-05-04T09:47:39" hostname="DESKTOP-JJJCJG6" time="0.187">
  <properties/>
  <testcase name="메인페이지_로딩" classname="com.endqh.board.springboot.web.IndexControllerTest" time="0.187"/>
  <system-out><![CDATA[2023-05-04 18:47:37.380  INFO 3712 --- [    Test worker] .b.t.c.SpringBootTestContextBootstrapper : Neither @ContextConfiguration nor @ContextHierarchy found for test class [com.endqh.board.springboot.web.IndexControllerTest], using SpringBootContextLoader
2023-05-04 18:47:37.381  INFO 3712 --- [    Test worker] o.s.t.c.support.AbstractContextLoader    : Could not detect default resource locations for test class [com.endqh.board.springboot.web.IndexControllerTest]: no resource found for suffixes {-context.xml, Context.groovy}.
2023-05-04 18:47:37.381  INFO 3712 --- [    Test worker] t.c.s.AnnotationConfigContextLoaderUtils : Could not detect default configuration classes for test class [com.endqh.board.springboot.web.IndexControllerTest]: IndexControllerTest does not declare any static, non-private, non-final, nested classes annotated with @Configuration.
2023-05-04 18:47:37.383  INFO 3712 --- [    Test worker] .b.t.c.SpringBootTestContextBootstrapper : Found @SpringBootConfiguration com.endqh.board.springboot.Application for test class com.endqh.board.springboot.web.IndexControllerTest
2023-05-04 18:47:37.383  INFO 3712 --- [    Test worker] .b.t.c.SpringBootTestContextBootstrapper : Loaded default TestExecutionListener class names from location [META-INF/spring.factories]: [org.springframework.security.test.context.support.WithSecurityContextTestExecutionListener, org.springframework.security.test.context.support.ReactorContextTestExecutionListener, org.springframework.boot.test.autoconfigure.restdocs.RestDocsTestExecutionListener, org.springframework.boot.test.autoconfigure.web.client.MockRestServiceServerResetTestExecutionListener, org.springframework.boot.test.autoconfigure.web.servlet.MockMvcPrintOnlyOnFailureTestExecutionListener, org.springframework.boot.test.autoconfigure.web.servlet.WebDriverTestExecutionListener, org.springframework.boot.test.mock.mockito.MockitoTestExecutionListener, org.springframework.boot.test.mock.mockito.ResetMocksTestExecutionListener, org.springframework.test.context.web.ServletTestExecutionListener, org.springframework.test.context.support.DirtiesContextBeforeModesTestExecutionListener, org.springframework.test.context.support.DependencyInjectionTestExecutionListener, org.springframework.test.context.support.DirtiesContextTestExecutionListener, org.springframework.test.context.transaction.TransactionalTestExecutionListener, org.springframework.test.context.jdbc.SqlScriptsTestExecutionListener]
2023-05-04 18:47:37.384  INFO 3712 --- [    Test worker] .b.t.c.SpringBootTestContextBootstrapper : Using TestExecutionListeners: [org.springframework.test.context.web.ServletTestExecutionListener@7e9e9563, org.springframework.test.context.support.DirtiesContextBeforeModesTestExecutionListener@58c911e7, org.springframework.boot.test.mock.mockito.MockitoTestExecutionListener@209abbdf, org.springframework.boot.test.autoconfigure.SpringBootDependencyInjectionTestExecutionListener@6a88be51, org.springframework.test.context.support.DirtiesContextTestExecutionListener@60b71bee, org.springframework.test.context.transaction.TransactionalTestExecutionListener@70e16836, org.springframework.test.context.jdbc.SqlScriptsTestExecutionListener@5d071b6, org.springframework.security.test.context.support.WithSecurityContextTestExecutionListener@2a052d6b, org.springframework.security.test.context.support.ReactorContextTestExecutionListener@72352bae, org.springframework.boot.test.autoconfigure.restdocs.RestDocsTestExecutionListener@96e5d06, org.springframework.boot.test.autoconfigure.web.client.MockRestServiceServerResetTestExecutionListener@f35d05c, org.springframework.boot.test.autoconfigure.web.servlet.MockMvcPrintOnlyOnFailureTestExecutionListener@c58daa4, org.springframework.boot.test.autoconfigure.web.servlet.WebDriverTestExecutionListener@57ebf8da, org.springframework.boot.test.mock.mockito.ResetMocksTestExecutionListener@2c96194c]

  .   ____          _            __ _ _
 /\\ / ___'_ __ _ _(_)_ __  __ _ \ \ \ \
( ( )\___ | '_ | '_| | '_ \/ _` | \ \ \ \
 \\/  ___)| |_)| | | | | || (_| |  ) ) ) )
  '  |____| .__|_| |_|_| |_\__, | / / / /
 =========|_|==============|___/=/_/_/_/
 :: Spring Boot ::        (v2.1.9.RELEASE)

2023-05-04 18:47:37.421  INFO 3712 --- [    Test worker] c.e.b.s.web.IndexControllerTest          : Starting IndexControllerTest on DESKTOP-JJJCJG6 with PID 3712 (started by IkJu in C:\Basic for be Web Developer\awsboard)
2023-05-04 18:47:37.421  INFO 3712 --- [    Test worker] c.e.b.s.web.IndexControllerTest          : No active profile set, falling back to default profiles: default
2023-05-04 18:47:37.648  INFO 3712 --- [    Test worker] .s.d.r.c.RepositoryConfigurationDelegate : Bootstrapping Spring Data repositories in DEFAULT mode.
2023-05-04 18:47:37.683  INFO 3712 --- [    Test worker] .s.d.r.c.RepositoryConfigurationDelegate : Finished Spring Data repository scanning in 35ms. Found 2 repository interfaces.
2023-05-04 18:47:37.775  INFO 3712 --- [    Test worker] trationDelegate$BeanPostProcessorChecker : Bean 'org.springframework.transaction.annotation.ProxyTransactionManagementConfiguration' of type [org.springframework.transaction.annotation.ProxyTransactionManagementConfiguration$$EnhancerBySpringCGLIB$$8d47a67e] is not eligible for getting processed by all BeanPostProcessors (for example: not eligible for auto-proxying)
2023-05-04 18:47:38.030  INFO 3712 --- [    Test worker] o.s.b.w.embedded.tomcat.TomcatWebServer  : Tomcat initialized with port(s): 0 (http)
2023-05-04 18:47:38.061  INFO 3712 --- [    Test worker] o.apache.catalina.core.StandardService   : Starting service [Tomcat]
2023-05-04 18:47:38.061  INFO 3712 --- [    Test worker] org.apache.catalina.core.StandardEngine  : Starting Servlet engine: [Apache Tomcat/9.0.26]
2023-05-04 18:47:38.263  INFO 3712 --- [    Test worker] o.a.c.c.C.[Tomcat].[localhost].[/]       : Initializing Spring embedded WebApplicationContext
2023-05-04 18:47:38.263  INFO 3712 --- [    Test worker] o.s.web.context.ContextLoader            : Root WebApplicationContext: initialization completed in 839 ms
2023-05-04 18:47:38.455  INFO 3712 --- [    Test worker] com.zaxxer.hikari.HikariDataSource       : HikariPool-2 - Starting...
2023-05-04 18:47:38.456  INFO 3712 --- [    Test worker] com.zaxxer.hikari.HikariDataSource       : HikariPool-2 - Start completed.
2023-05-04 18:47:38.502  INFO 3712 --- [    Test worker] o.hibernate.jpa.internal.util.LogHelper  : HHH000204: Processing PersistenceUnitInfo [
	name: default
	...]
2023-05-04 18:47:38.517  INFO 3712 --- [    Test worker] org.hibernate.dialect.Dialect            : HHH000400: Using dialect: org.hibernate.dialect.MySQL5InnoDBDialect
Hibernate: drop table if exists posts
Hibernate: drop table if exists user
Hibernate: create table posts (id bigint not null auto_increment, created_date datetime, modified_date datetime, author varchar(255), content TEXT not null, title varchar(500) not null, primary key (id)) engine=InnoDB
Hibernate: create table user (id bigint not null auto_increment, created_date datetime, modified_date datetime, email varchar(255) not null, name varchar(255) not null, picture varchar(255), role varchar(255) not null, primary key (id)) engine=InnoDB
2023-05-04 18:47:38.566  INFO 3712 --- [    Test worker] o.h.t.schema.internal.SchemaCreatorImpl  : HHH000476: Executing import script 'org.hibernate.tool.schema.internal.exec.ScriptSourceInputNonExistentImpl@724a02ed'
2023-05-04 18:47:38.566  INFO 3712 --- [    Test worker] j.LocalContainerEntityManagerFactoryBean : Initialized JPA EntityManagerFactory for persistence unit 'default'
2023-05-04 18:47:38.855  INFO 3712 --- [    Test worker] o.h.h.i.QueryTranslatorFactoryInitiator  : HHH000397: Using ASTQueryTranslatorFactory
2023-05-04 18:47:39.002  INFO 3712 --- [    Test worker] o.s.s.web.DefaultSecurityFilterChain     : Creating filter chain: any request, [org.springframework.security.web.context.request.async.WebAsyncManagerIntegrationFilter@71b840f0, org.springframework.security.web.context.SecurityContextPersistenceFilter@4b07eadd, org.springframework.security.web.header.HeaderWriterFilter@42355f0, org.springframework.security.web.authentication.logout.LogoutFilter@64cf28ea, org.springframework.security.oauth2.client.web.OAuth2AuthorizationRequestRedirectFilter@6e1d052, org.springframework.security.oauth2.client.web.OAuth2LoginAuthenticationFilter@49adff67, org.springframework.security.web.authentication.ui.DefaultLoginPageGeneratingFilter@106a6938, org.springframework.security.web.authentication.ui.DefaultLogoutPageGeneratingFilter@6ec87e23, org.springframework.security.web.savedrequest.RequestCacheAwareFilter@6157a956, org.springframework.security.web.servletapi.SecurityContextHolderAwareRequestFilter@7fc5fc59, org.springframework.security.web.authentication.AnonymousAuthenticationFilter@662340e8, org.springframework.security.web.session.SessionManagementFilter@7952c243, org.springframework.security.web.access.ExceptionTranslationFilter@6d38f84b, org.springframework.security.web.access.intercept.FilterSecurityInterceptor@2fd6073b]
2023-05-04 18:47:39.168  INFO 3712 --- [    Test worker] o.s.s.concurrent.ThreadPoolTaskExecutor  : Initializing ExecutorService 'applicationTaskExecutor'
2023-05-04 18:47:39.179  WARN 3712 --- [    Test worker] aWebConfiguration$JpaWebMvcConfiguration : spring.jpa.open-in-view is enabled by default. Therefore, database queries may be performed during view rendering. Explicitly configure spring.jpa.open-in-view to disable this warning
2023-05-04 18:47:39.204  INFO 3712 --- [    Test worker] o.s.b.a.w.s.WelcomePageHandlerMapping    : Adding welcome page template: index
2023-05-04 18:47:39.488  INFO 3712 --- [    Test worker] s.a.ScheduledAnnotationBeanPostProcessor : No TaskScheduler/ScheduledExecutorService bean found for scheduled processing
2023-05-04 18:47:39.507  INFO 3712 --- [    Test worker] o.s.b.w.embedded.tomcat.TomcatWebServer  : Tomcat started on port(s): 14496 (http) with context path ''
2023-05-04 18:47:39.508  INFO 3712 --- [    Test worker] c.e.b.s.web.IndexControllerTest          : Started IndexControllerTest in 2.123 seconds (JVM running for 11.022)
2023-05-04 18:47:39.601  INFO 3712 --- [o-auto-1-exec-1] o.a.c.c.C.[Tomcat].[localhost].[/]       : Initializing Spring DispatcherServlet 'dispatcherServlet'
2023-05-04 18:47:39.601  INFO 3712 --- [o-auto-1-exec-1] o.s.web.servlet.DispatcherServlet        : Initializing Servlet 'dispatcherServlet'
2023-05-04 18:47:39.619  INFO 3712 --- [o-auto-1-exec-1] o.s.web.servlet.DispatcherServlet        : Completed initialization in 17 ms
Hibernate: select posts0_.id as id1_0_, posts0_.created_date as created_2_0_, posts0_.modified_date as modified3_0_, posts0_.author as author4_0_, posts0_.content as content5_0_, posts0_.title as title6_0_ from posts posts0_ order by posts0_.id DESC
Hibernate: select posts0_.id as id1_0_, posts0_.created_date as created_2_0_, posts0_.modified_date as modified3_0_, posts0_.author as author4_0_, posts0_.content as content5_0_, posts0_.title as title6_0_ from posts posts0_ order by posts0_.id DESC
]]></system-out>
  <system-err><![CDATA[]]></system-err>
</testsuite>
