<?xml version="1.0" encoding="UTF-8"?>
<testsuite name="com.endqh.board.springboot.web.PostsApiControllerTest" tests="2" skipped="0" failures="0" errors="0" timestamp="2023-05-06T11:38:09" hostname="DESKTOP-JJJCJG6" time="0.089">
  <properties/>
  <testcase name="Posts_등록된다" classname="com.endqh.board.springboot.web.PostsApiControllerTest" time="0.067"/>
  <testcase name="Posts_수정된다" classname="com.endqh.board.springboot.web.PostsApiControllerTest" time="0.021"/>
  <system-out><![CDATA[2023-05-06 20:38:09.945  INFO 25332 --- [    Test worker] .b.t.c.SpringBootTestContextBootstrapper : Neither @ContextConfiguration nor @ContextHierarchy found for test class [com.endqh.board.springboot.web.PostsApiControllerTest], using SpringBootContextLoader
2023-05-06 20:38:09.945  INFO 25332 --- [    Test worker] o.s.t.c.support.AbstractContextLoader    : Could not detect default resource locations for test class [com.endqh.board.springboot.web.PostsApiControllerTest]: no resource found for suffixes {-context.xml, Context.groovy}.
2023-05-06 20:38:09.945  INFO 25332 --- [    Test worker] t.c.s.AnnotationConfigContextLoaderUtils : Could not detect default configuration classes for test class [com.endqh.board.springboot.web.PostsApiControllerTest]: PostsApiControllerTest does not declare any static, non-private, non-final, nested classes annotated with @Configuration.
2023-05-06 20:38:09.947  INFO 25332 --- [    Test worker] .b.t.c.SpringBootTestContextBootstrapper : Found @SpringBootConfiguration com.endqh.board.springboot.Application for test class com.endqh.board.springboot.web.PostsApiControllerTest
2023-05-06 20:38:09.948  INFO 25332 --- [    Test worker] .b.t.c.SpringBootTestContextBootstrapper : Loaded default TestExecutionListener class names from location [META-INF/spring.factories]: [org.springframework.security.test.context.support.WithSecurityContextTestExecutionListener, org.springframework.security.test.context.support.ReactorContextTestExecutionListener, org.springframework.boot.test.autoconfigure.restdocs.RestDocsTestExecutionListener, org.springframework.boot.test.autoconfigure.web.client.MockRestServiceServerResetTestExecutionListener, org.springframework.boot.test.autoconfigure.web.servlet.MockMvcPrintOnlyOnFailureTestExecutionListener, org.springframework.boot.test.autoconfigure.web.servlet.WebDriverTestExecutionListener, org.springframework.boot.test.mock.mockito.MockitoTestExecutionListener, org.springframework.boot.test.mock.mockito.ResetMocksTestExecutionListener, org.springframework.test.context.web.ServletTestExecutionListener, org.springframework.test.context.support.DirtiesContextBeforeModesTestExecutionListener, org.springframework.test.context.support.DependencyInjectionTestExecutionListener, org.springframework.test.context.support.DirtiesContextTestExecutionListener, org.springframework.test.context.transaction.TransactionalTestExecutionListener, org.springframework.test.context.jdbc.SqlScriptsTestExecutionListener]
2023-05-06 20:38:09.949  INFO 25332 --- [    Test worker] .b.t.c.SpringBootTestContextBootstrapper : Using TestExecutionListeners: [org.springframework.test.context.web.ServletTestExecutionListener@667ca442, org.springframework.test.context.support.DirtiesContextBeforeModesTestExecutionListener@4f3eaf3, org.springframework.boot.test.mock.mockito.MockitoTestExecutionListener@250db4e4, org.springframework.boot.test.autoconfigure.SpringBootDependencyInjectionTestExecutionListener@7f72047d, org.springframework.test.context.support.DirtiesContextTestExecutionListener@7c2ff165, org.springframework.test.context.transaction.TransactionalTestExecutionListener@67903861, org.springframework.test.context.jdbc.SqlScriptsTestExecutionListener@2ff21ae3, org.springframework.security.test.context.support.WithSecurityContextTestExecutionListener@40cca28c, org.springframework.security.test.context.support.ReactorContextTestExecutionListener@43ebd729, org.springframework.boot.test.autoconfigure.restdocs.RestDocsTestExecutionListener@25deac05, org.springframework.boot.test.autoconfigure.web.client.MockRestServiceServerResetTestExecutionListener@1a449f5f, org.springframework.boot.test.autoconfigure.web.servlet.MockMvcPrintOnlyOnFailureTestExecutionListener@3fb98659, org.springframework.boot.test.autoconfigure.web.servlet.WebDriverTestExecutionListener@22764c18, org.springframework.boot.test.mock.mockito.ResetMocksTestExecutionListener@729862d7]
2023-05-06 20:38:09.956  INFO 25332 --- [    Test worker] o.a.c.c.C.[Tomcat].[localhost].[/]       : Initializing Spring TestDispatcherServlet ''
2023-05-06 20:38:09.956  INFO 25332 --- [    Test worker] o.s.t.web.servlet.TestDispatcherServlet  : Initializing Servlet ''
2023-05-06 20:38:09.958  INFO 25332 --- [    Test worker] o.s.t.web.servlet.TestDispatcherServlet  : Completed initialization in 2 ms
Hibernate: insert into posts (created_date, modified_date, author, author_id, content, title) values (?, ?, ?, ?, ?, ?)
Hibernate: select posts0_.id as id1_2_, posts0_.created_date as created_2_2_, posts0_.modified_date as modified3_2_, posts0_.author as author4_2_, posts0_.author_id as author_i5_2_, posts0_.content as content6_2_, posts0_.title as title7_2_ from posts posts0_
Hibernate: select posts0_.id as id1_2_, posts0_.created_date as created_2_2_, posts0_.modified_date as modified3_2_, posts0_.author as author4_2_, posts0_.author_id as author_i5_2_, posts0_.content as content6_2_, posts0_.title as title7_2_ from posts posts0_
Hibernate: delete from posts where id=?
2023-05-06 20:38:10.021  INFO 25332 --- [    Test worker] o.a.c.c.C.[Tomcat].[localhost].[/]       : Initializing Spring TestDispatcherServlet ''
2023-05-06 20:38:10.021  INFO 25332 --- [    Test worker] o.s.t.web.servlet.TestDispatcherServlet  : Initializing Servlet ''
2023-05-06 20:38:10.022  INFO 25332 --- [    Test worker] o.s.t.web.servlet.TestDispatcherServlet  : Completed initialization in 1 ms
Hibernate: insert into posts (created_date, modified_date, author, author_id, content, title) values (?, ?, ?, ?, ?, ?)
Hibernate: select posts0_.id as id1_2_0_, posts0_.created_date as created_2_2_0_, posts0_.modified_date as modified3_2_0_, posts0_.author as author4_2_0_, posts0_.author_id as author_i5_2_0_, posts0_.content as content6_2_0_, posts0_.title as title7_2_0_ from posts posts0_ where posts0_.id=?
Hibernate: update posts set created_date=?, modified_date=?, author=?, author_id=?, content=?, title=? where id=?
Hibernate: select posts0_.id as id1_2_, posts0_.created_date as created_2_2_, posts0_.modified_date as modified3_2_, posts0_.author as author4_2_, posts0_.author_id as author_i5_2_, posts0_.content as content6_2_, posts0_.title as title7_2_ from posts posts0_
Hibernate: select posts0_.id as id1_2_, posts0_.created_date as created_2_2_, posts0_.modified_date as modified3_2_, posts0_.author as author4_2_, posts0_.author_id as author_i5_2_, posts0_.content as content6_2_, posts0_.title as title7_2_ from posts posts0_
Hibernate: delete from posts where id=?
]]></system-out>
  <system-err><![CDATA[]]></system-err>
</testsuite>
