<?xml version="1.0" encoding="UTF-8"?>
<testsuite name="com.endqh.board.springboot.web.HelloControllerTest" tests="2" skipped="0" failures="0" errors="0" timestamp="2023-05-04T09:47:37" hostname="DESKTOP-JJJCJG6" time="0.13">
  <properties/>
  <testcase name="hello가_리턴된다" classname="com.endqh.board.springboot.web.HelloControllerTest" time="0.058"/>
  <testcase name="helloDto가_리턴된다" classname="com.endqh.board.springboot.web.HelloControllerTest" time="0.071"/>
  <system-out><![CDATA[2023-05-04 18:47:36.249  INFO 3712 --- [    Test worker] .b.t.a.w.s.WebMvcTestContextBootstrapper : Neither @ContextConfiguration nor @ContextHierarchy found for test class [com.endqh.board.springboot.web.HelloControllerTest], using SpringBootContextLoader
2023-05-04 18:47:36.251  INFO 3712 --- [    Test worker] o.s.t.c.support.AbstractContextLoader    : Could not detect default resource locations for test class [com.endqh.board.springboot.web.HelloControllerTest]: no resource found for suffixes {-context.xml, Context.groovy}.
2023-05-04 18:47:36.251  INFO 3712 --- [    Test worker] t.c.s.AnnotationConfigContextLoaderUtils : Could not detect default configuration classes for test class [com.endqh.board.springboot.web.HelloControllerTest]: HelloControllerTest does not declare any static, non-private, non-final, nested classes annotated with @Configuration.
2023-05-04 18:47:36.274  INFO 3712 --- [    Test worker] .b.t.c.SpringBootTestContextBootstrapper : Found @SpringBootConfiguration com.endqh.board.springboot.Application for test class com.endqh.board.springboot.web.HelloControllerTest
2023-05-04 18:47:36.275  INFO 3712 --- [    Test worker] .b.t.a.w.s.WebMvcTestContextBootstrapper : Loaded default TestExecutionListener class names from location [META-INF/spring.factories]: [org.springframework.security.test.context.support.WithSecurityContextTestExecutionListener, org.springframework.security.test.context.support.ReactorContextTestExecutionListener, org.springframework.boot.test.autoconfigure.restdocs.RestDocsTestExecutionListener, org.springframework.boot.test.autoconfigure.web.client.MockRestServiceServerResetTestExecutionListener, org.springframework.boot.test.autoconfigure.web.servlet.MockMvcPrintOnlyOnFailureTestExecutionListener, org.springframework.boot.test.autoconfigure.web.servlet.WebDriverTestExecutionListener, org.springframework.boot.test.mock.mockito.MockitoTestExecutionListener, org.springframework.boot.test.mock.mockito.ResetMocksTestExecutionListener, org.springframework.test.context.web.ServletTestExecutionListener, org.springframework.test.context.support.DirtiesContextBeforeModesTestExecutionListener, org.springframework.test.context.support.DependencyInjectionTestExecutionListener, org.springframework.test.context.support.DirtiesContextTestExecutionListener, org.springframework.test.context.transaction.TransactionalTestExecutionListener, org.springframework.test.context.jdbc.SqlScriptsTestExecutionListener]
2023-05-04 18:47:36.276  INFO 3712 --- [    Test worker] .b.t.a.w.s.WebMvcTestContextBootstrapper : Using TestExecutionListeners: [org.springframework.test.context.web.ServletTestExecutionListener@69920902, org.springframework.test.context.support.DirtiesContextBeforeModesTestExecutionListener@7fce8d19, org.springframework.boot.test.mock.mockito.MockitoTestExecutionListener@2deaab56, org.springframework.boot.test.autoconfigure.SpringBootDependencyInjectionTestExecutionListener@33920d23, org.springframework.test.context.support.DirtiesContextTestExecutionListener@4a31d84a, org.springframework.test.context.transaction.TransactionalTestExecutionListener@419c2250, org.springframework.test.context.jdbc.SqlScriptsTestExecutionListener@39d4912e, org.springframework.security.test.context.support.WithSecurityContextTestExecutionListener@1a0c7822, org.springframework.security.test.context.support.ReactorContextTestExecutionListener@5ebb00a1, org.springframework.boot.test.autoconfigure.restdocs.RestDocsTestExecutionListener@7e152784, org.springframework.boot.test.autoconfigure.web.client.MockRestServiceServerResetTestExecutionListener@63d59489, org.springframework.boot.test.autoconfigure.web.servlet.MockMvcPrintOnlyOnFailureTestExecutionListener@1a612db9, org.springframework.boot.test.autoconfigure.web.servlet.WebDriverTestExecutionListener@1c59885c, org.springframework.boot.test.mock.mockito.ResetMocksTestExecutionListener@4ba7a554]

  .   ____          _            __ _ _
 /\\ / ___'_ __ _ _(_)_ __  __ _ \ \ \ \
( ( )\___ | '_ | '_| | '_ \/ _` | \ \ \ \
 \\/  ___)| |_)| | | | | || (_| |  ) ) ) )
  '  |____| .__|_| |_|_| |_\__, | / / / /
 =========|_|==============|___/=/_/_/_/
 :: Spring Boot ::        (v2.1.9.RELEASE)

2023-05-04 18:47:36.319  INFO 3712 --- [    Test worker] c.e.b.s.web.HelloControllerTest          : Starting HelloControllerTest on DESKTOP-JJJCJG6 with PID 3712 (started by IkJu in C:\Basic for be Web Developer\awsboard)
2023-05-04 18:47:36.320  INFO 3712 --- [    Test worker] c.e.b.s.web.HelloControllerTest          : No active profile set, falling back to default profiles: default
2023-05-04 18:47:36.765  INFO 3712 --- [    Test worker] o.s.s.concurrent.ThreadPoolTaskExecutor  : Initializing ExecutorService 'applicationTaskExecutor'
2023-05-04 18:47:36.798  INFO 3712 --- [    Test worker] o.s.b.a.w.s.WelcomePageHandlerMapping    : Adding welcome page template: index
2023-05-04 18:47:37.031  INFO 3712 --- [    Test worker] .s.s.UserDetailsServiceAutoConfiguration : 

Using generated security password: 2145ae83-d5d2-44b7-b813-b652f90a07bc

2023-05-04 18:47:37.174  INFO 3712 --- [    Test worker] o.s.s.web.DefaultSecurityFilterChain     : Creating filter chain: any request, [org.springframework.security.web.context.request.async.WebAsyncManagerIntegrationFilter@1e170c58, org.springframework.security.web.context.SecurityContextPersistenceFilter@3623707f, org.springframework.security.web.header.HeaderWriterFilter@769b6605, org.springframework.security.web.csrf.CsrfFilter@10e449d, org.springframework.security.web.authentication.logout.LogoutFilter@6bb46a56, org.springframework.security.web.authentication.UsernamePasswordAuthenticationFilter@343db72c, org.springframework.security.web.authentication.ui.DefaultLoginPageGeneratingFilter@775b8d89, org.springframework.security.web.authentication.ui.DefaultLogoutPageGeneratingFilter@353b693f, org.springframework.security.web.authentication.www.BasicAuthenticationFilter@77d6cc94, org.springframework.security.web.savedrequest.RequestCacheAwareFilter@487a1e53, org.springframework.security.web.servletapi.SecurityContextHolderAwareRequestFilter@65fcf217, org.springframework.security.web.authentication.AnonymousAuthenticationFilter@74c8b160, org.springframework.security.web.session.SessionManagementFilter@542fee7, org.springframework.security.web.access.ExceptionTranslationFilter@2d9a77a7, org.springframework.security.web.access.intercept.FilterSecurityInterceptor@3f92ca26]
2023-05-04 18:47:37.209  INFO 3712 --- [    Test worker] o.s.b.t.m.w.SpringBootMockServletContext : Initializing Spring TestDispatcherServlet ''
2023-05-04 18:47:37.209  INFO 3712 --- [    Test worker] o.s.t.web.servlet.TestDispatcherServlet  : Initializing Servlet ''
2023-05-04 18:47:37.221  INFO 3712 --- [    Test worker] o.s.t.web.servlet.TestDispatcherServlet  : Completed initialization in 12 ms
2023-05-04 18:47:37.246  INFO 3712 --- [    Test worker] c.e.b.s.web.HelloControllerTest          : Started HelloControllerTest in 0.968 seconds (JVM running for 8.76)
]]></system-out>
  <system-err><![CDATA[]]></system-err>
</testsuite>
