<?xml version="1.0" encoding="UTF-8"?>
<testsuite name="com.endqh.board.springboot.web.IndexControllerTest" tests="1" skipped="0" failures="0" errors="0" timestamp="2023-05-06T11:38:09" hostname="DESKTOP-JJJCJG6" time="0.544">
  <properties/>
  <testcase name="메인페이지_로딩" classname="com.endqh.board.springboot.web.IndexControllerTest" time="0.544"/>
  <system-out><![CDATA[2023-05-06 20:38:07.058  INFO 25332 --- [    Test worker] .b.t.c.SpringBootTestContextBootstrapper : Neither @ContextConfiguration nor @ContextHierarchy found for test class [com.endqh.board.springboot.web.IndexControllerTest], using SpringBootContextLoader
2023-05-06 20:38:07.059  INFO 25332 --- [    Test worker] o.s.t.c.support.AbstractContextLoader    : Could not detect default resource locations for test class [com.endqh.board.springboot.web.IndexControllerTest]: no resource found for suffixes {-context.xml, Context.groovy}.
2023-05-06 20:38:07.059  INFO 25332 --- [    Test worker] t.c.s.AnnotationConfigContextLoaderUtils : Could not detect default configuration classes for test class [com.endqh.board.springboot.web.IndexControllerTest]: IndexControllerTest does not declare any static, non-private, non-final, nested classes annotated with @Configuration.
2023-05-06 20:38:07.060  INFO 25332 --- [    Test worker] .b.t.c.SpringBootTestContextBootstrapper : Found @SpringBootConfiguration com.endqh.board.springboot.Application for test class com.endqh.board.springboot.web.IndexControllerTest
2023-05-06 20:38:07.061  INFO 25332 --- [    Test worker] .b.t.c.SpringBootTestContextBootstrapper : Loaded default TestExecutionListener class names from location [META-INF/spring.factories]: [org.springframework.security.test.context.support.WithSecurityContextTestExecutionListener, org.springframework.security.test.context.support.ReactorContextTestExecutionListener, org.springframework.boot.test.autoconfigure.restdocs.RestDocsTestExecutionListener, org.springframework.boot.test.autoconfigure.web.client.MockRestServiceServerResetTestExecutionListener, org.springframework.boot.test.autoconfigure.web.servlet.MockMvcPrintOnlyOnFailureTestExecutionListener, org.springframework.boot.test.autoconfigure.web.servlet.WebDriverTestExecutionListener, org.springframework.boot.test.mock.mockito.MockitoTestExecutionListener, org.springframework.boot.test.mock.mockito.ResetMocksTestExecutionListener, org.springframework.test.context.web.ServletTestExecutionListener, org.springframework.test.context.support.DirtiesContextBeforeModesTestExecutionListener, org.springframework.test.context.support.DependencyInjectionTestExecutionListener, org.springframework.test.context.support.DirtiesContextTestExecutionListener, org.springframework.test.context.transaction.TransactionalTestExecutionListener, org.springframework.test.context.jdbc.SqlScriptsTestExecutionListener]
2023-05-06 20:38:07.062  INFO 25332 --- [    Test worker] .b.t.c.SpringBootTestContextBootstrapper : Using TestExecutionListeners: [org.springframework.test.context.web.ServletTestExecutionListener@1d0c2860, org.springframework.test.context.support.DirtiesContextBeforeModesTestExecutionListener@1ac2fcf1, org.springframework.boot.test.mock.mockito.MockitoTestExecutionListener@1a270d7b, org.springframework.boot.test.autoconfigure.SpringBootDependencyInjectionTestExecutionListener@7f0272db, org.springframework.test.context.support.DirtiesContextTestExecutionListener@3311a73, org.springframework.test.context.transaction.TransactionalTestExecutionListener@e994b90, org.springframework.test.context.jdbc.SqlScriptsTestExecutionListener@2cf7c3ed, org.springframework.security.test.context.support.WithSecurityContextTestExecutionListener@400fe802, org.springframework.security.test.context.support.ReactorContextTestExecutionListener@4b6690f2, org.springframework.boot.test.autoconfigure.restdocs.RestDocsTestExecutionListener@fe797c5, org.springframework.boot.test.autoconfigure.web.client.MockRestServiceServerResetTestExecutionListener@1d1dd57f, org.springframework.boot.test.autoconfigure.web.servlet.MockMvcPrintOnlyOnFailureTestExecutionListener@22ed6126, org.springframework.boot.test.autoconfigure.web.servlet.WebDriverTestExecutionListener@5d739489, org.springframework.boot.test.mock.mockito.ResetMocksTestExecutionListener@6e19695d]

  .   ____          _            __ _ _
 /\\ / ___'_ __ _ _(_)_ __  __ _ \ \ \ \
( ( )\___ | '_ | '_| | '_ \/ _` | \ \ \ \
 \\/  ___)| |_)| | | | | || (_| |  ) ) ) )
  '  |____| .__|_| |_|_| |_\__, | / / / /
 =========|_|==============|___/=/_/_/_/
 :: Spring Boot ::        (v2.1.9.RELEASE)

2023-05-06 20:38:07.101  INFO 25332 --- [    Test worker] c.e.b.s.web.IndexControllerTest          : Starting IndexControllerTest on DESKTOP-JJJCJG6 with PID 25332 (started by IkJu in C:\Basic for be Web Developer\awsboard)
2023-05-06 20:38:07.101  INFO 25332 --- [    Test worker] c.e.b.s.web.IndexControllerTest          : No active profile set, falling back to default profiles: default
2023-05-06 20:38:07.340  INFO 25332 --- [    Test worker] .s.d.r.c.RepositoryConfigurationDelegate : Bootstrapping Spring Data repositories in DEFAULT mode.
2023-05-06 20:38:07.388  INFO 25332 --- [    Test worker] .s.d.r.c.RepositoryConfigurationDelegate : Finished Spring Data repository scanning in 48ms. Found 4 repository interfaces.
2023-05-06 20:38:07.485  INFO 25332 --- [    Test worker] trationDelegate$BeanPostProcessorChecker : Bean 'org.springframework.transaction.annotation.ProxyTransactionManagementConfiguration' of type [org.springframework.transaction.annotation.ProxyTransactionManagementConfiguration$$EnhancerBySpringCGLIB$$68674e47] is not eligible for getting processed by all BeanPostProcessors (for example: not eligible for auto-proxying)
2023-05-06 20:38:07.748  INFO 25332 --- [    Test worker] o.s.b.w.embedded.tomcat.TomcatWebServer  : Tomcat initialized with port(s): 0 (http)
2023-05-06 20:38:07.774  INFO 25332 --- [    Test worker] o.apache.catalina.core.StandardService   : Starting service [Tomcat]
2023-05-06 20:38:07.775  INFO 25332 --- [    Test worker] org.apache.catalina.core.StandardEngine  : Starting Servlet engine: [Apache Tomcat/9.0.26]
2023-05-06 20:38:07.942  INFO 25332 --- [    Test worker] o.a.c.c.C.[Tomcat].[localhost].[/]       : Initializing Spring embedded WebApplicationContext
2023-05-06 20:38:07.942  INFO 25332 --- [    Test worker] o.s.web.context.ContextLoader            : Root WebApplicationContext: initialization completed in 839 ms
2023-05-06 20:38:08.119  INFO 25332 --- [    Test worker] com.zaxxer.hikari.HikariDataSource       : HikariPool-2 - Starting...
2023-05-06 20:38:08.120  INFO 25332 --- [    Test worker] com.zaxxer.hikari.HikariDataSource       : HikariPool-2 - Start completed.
2023-05-06 20:38:08.169  INFO 25332 --- [    Test worker] o.hibernate.jpa.internal.util.LogHelper  : HHH000204: Processing PersistenceUnitInfo [
	name: default
	...]
2023-05-06 20:38:08.182  INFO 25332 --- [    Test worker] org.hibernate.dialect.Dialect            : HHH000400: Using dialect: org.hibernate.dialect.MySQL5InnoDBDialect
Hibernate: drop table if exists log
Hibernate: drop table if exists notice
Hibernate: drop table if exists posts
Hibernate: drop table if exists user
Hibernate: create table log (id bigint not null auto_increment, created_date datetime, modified_date datetime, article_id bigint, board_name varchar(255), ip_address varchar(255), user_id bigint, primary key (id)) engine=InnoDB
Hibernate: create table notice (id bigint not null auto_increment, created_date datetime, modified_date datetime, author varchar(255), author_id bigint, content TEXT not null, title varchar(450) not null, primary key (id)) engine=InnoDB
Hibernate: create table posts (id bigint not null auto_increment, created_date datetime, modified_date datetime, author varchar(255), author_id bigint, content TEXT not null, title varchar(500) not null, primary key (id)) engine=InnoDB
Hibernate: create table user (id bigint not null auto_increment, created_date datetime, modified_date datetime, email varchar(255) not null, name varchar(255) not null, picture varchar(255), role varchar(255) not null, primary key (id)) engine=InnoDB
2023-05-06 20:38:08.244  INFO 25332 --- [    Test worker] o.h.t.schema.internal.SchemaCreatorImpl  : HHH000476: Executing import script 'org.hibernate.tool.schema.internal.exec.ScriptSourceInputNonExistentImpl@d563022'
2023-05-06 20:38:08.244  INFO 25332 --- [    Test worker] j.LocalContainerEntityManagerFactoryBean : Initialized JPA EntityManagerFactory for persistence unit 'default'
2023-05-06 20:38:08.615  INFO 25332 --- [    Test worker] o.h.h.i.QueryTranslatorFactoryInitiator  : HHH000397: Using ASTQueryTranslatorFactory
2023-05-06 20:38:08.799  INFO 25332 --- [    Test worker] o.s.s.web.DefaultSecurityFilterChain     : Creating filter chain: any request, [org.springframework.security.web.context.request.async.WebAsyncManagerIntegrationFilter@7617ebf3, org.springframework.security.web.context.SecurityContextPersistenceFilter@1c73fafc, org.springframework.security.web.header.HeaderWriterFilter@7889a791, org.springframework.security.web.authentication.logout.LogoutFilter@2d56ad68, org.springframework.security.oauth2.client.web.OAuth2AuthorizationRequestRedirectFilter@53bd8db4, org.springframework.security.oauth2.client.web.OAuth2LoginAuthenticationFilter@764f6943, org.springframework.security.web.savedrequest.RequestCacheAwareFilter@2e6915ba, org.springframework.security.web.servletapi.SecurityContextHolderAwareRequestFilter@1b698ac9, org.springframework.security.web.authentication.AnonymousAuthenticationFilter@19e18fb8, org.springframework.security.web.session.SessionManagementFilter@27223571, org.springframework.security.web.access.ExceptionTranslationFilter@7708a40c, org.springframework.security.web.access.intercept.FilterSecurityInterceptor@7e82237a]
2023-05-06 20:38:09.008  INFO 25332 --- [    Test worker] o.s.s.concurrent.ThreadPoolTaskExecutor  : Initializing ExecutorService 'applicationTaskExecutor'
2023-05-06 20:38:09.020  WARN 25332 --- [    Test worker] aWebConfiguration$JpaWebMvcConfiguration : spring.jpa.open-in-view is enabled by default. Therefore, database queries may be performed during view rendering. Explicitly configure spring.jpa.open-in-view to disable this warning
2023-05-06 20:38:09.050  INFO 25332 --- [    Test worker] o.s.b.a.w.s.WelcomePageHandlerMapping    : Adding welcome page template: index
2023-05-06 20:38:09.377  INFO 25332 --- [    Test worker] s.a.ScheduledAnnotationBeanPostProcessor : No TaskScheduler/ScheduledExecutorService bean found for scheduled processing
2023-05-06 20:38:09.394  INFO 25332 --- [    Test worker] o.s.b.w.embedded.tomcat.TomcatWebServer  : Tomcat started on port(s): 7768 (http) with context path ''
2023-05-06 20:38:09.395  INFO 25332 --- [    Test worker] c.e.b.s.web.IndexControllerTest          : Started IndexControllerTest in 2.332 seconds (JVM running for 11.868)
2023-05-06 20:38:09.475  INFO 25332 --- [o-auto-1-exec-1] o.a.c.c.C.[Tomcat].[localhost].[/]       : Initializing Spring DispatcherServlet 'dispatcherServlet'
2023-05-06 20:38:09.476  INFO 25332 --- [o-auto-1-exec-1] o.s.web.servlet.DispatcherServlet        : Initializing Servlet 'dispatcherServlet'
2023-05-06 20:38:09.501  INFO 25332 --- [o-auto-1-exec-1] o.s.web.servlet.DispatcherServlet        : Completed initialization in 25 ms
Hibernate: select count(*) as col_0_0_ from posts posts0_
Hibernate: select posts0_.id as id1_2_, posts0_.created_date as created_2_2_, posts0_.modified_date as modified3_2_, posts0_.author as author4_2_, posts0_.author_id as author_i5_2_, posts0_.content as content6_2_, posts0_.title as title7_2_ from posts posts0_ order by posts0_.id desc limit ?
]]></system-out>
  <system-err><![CDATA[]]></system-err>
</testsuite>
