<?xml version="1.0" encoding="UTF-8"?>
<testsuite name="com.endqh.board.springboot.domain.posts.PostsRepositoryTest" tests="2" skipped="0" failures="0" errors="0" timestamp="2023-05-03T14:09:04" hostname="DESKTOP-JJJCJG6" time="0.289">
  <properties/>
  <testcase name="게시글저장_불러오기" classname="com.endqh.board.springboot.domain.posts.PostsRepositoryTest" time="0.282"/>
  <testcase name="BaseTimeEntity_등록" classname="com.endqh.board.springboot.domain.posts.PostsRepositoryTest" time="0.007"/>
  <system-out><![CDATA[23:08:57.921 [Test worker] DEBUG org.springframework.test.context.junit4.SpringJUnit4ClassRunner - SpringJUnit4ClassRunner constructor called with [class com.endqh.board.springboot.domain.posts.PostsRepositoryTest]
23:08:57.930 [Test worker] DEBUG org.springframework.test.context.BootstrapUtils - Instantiating CacheAwareContextLoaderDelegate from class [org.springframework.test.context.cache.DefaultCacheAwareContextLoaderDelegate]
23:08:57.941 [Test worker] DEBUG org.springframework.test.context.BootstrapUtils - Instantiating BootstrapContext using constructor [public org.springframework.test.context.support.DefaultBootstrapContext(java.lang.Class,org.springframework.test.context.CacheAwareContextLoaderDelegate)]
23:08:57.956 [Test worker] DEBUG org.springframework.test.context.BootstrapUtils - Instantiating TestContextBootstrapper for test class [com.endqh.board.springboot.domain.posts.PostsRepositoryTest] from class [org.springframework.boot.test.context.SpringBootTestContextBootstrapper]
23:08:57.971 [Test worker] INFO org.springframework.boot.test.context.SpringBootTestContextBootstrapper - Neither @ContextConfiguration nor @ContextHierarchy found for test class [com.endqh.board.springboot.domain.posts.PostsRepositoryTest], using SpringBootContextLoader
23:08:57.974 [Test worker] DEBUG org.springframework.test.context.support.AbstractContextLoader - Did not detect default resource location for test class [com.endqh.board.springboot.domain.posts.PostsRepositoryTest]: class path resource [com/endqh/board/springboot/domain/posts/PostsRepositoryTest-context.xml] does not exist
23:08:57.975 [Test worker] DEBUG org.springframework.test.context.support.AbstractContextLoader - Did not detect default resource location for test class [com.endqh.board.springboot.domain.posts.PostsRepositoryTest]: class path resource [com/endqh/board/springboot/domain/posts/PostsRepositoryTestContext.groovy] does not exist
23:08:57.975 [Test worker] INFO org.springframework.test.context.support.AbstractContextLoader - Could not detect default resource locations for test class [com.endqh.board.springboot.domain.posts.PostsRepositoryTest]: no resource found for suffixes {-context.xml, Context.groovy}.
23:08:57.976 [Test worker] INFO org.springframework.test.context.support.AnnotationConfigContextLoaderUtils - Could not detect default configuration classes for test class [com.endqh.board.springboot.domain.posts.PostsRepositoryTest]: PostsRepositoryTest does not declare any static, non-private, non-final, nested classes annotated with @Configuration.
23:08:58.021 [Test worker] DEBUG org.springframework.test.context.support.ActiveProfilesUtils - Could not find an 'annotation declaring class' for annotation type [org.springframework.test.context.ActiveProfiles] and class [com.endqh.board.springboot.domain.posts.PostsRepositoryTest]
23:08:58.100 [Test worker] DEBUG org.springframework.context.annotation.ClassPathScanningCandidateComponentProvider - Identified candidate component class: file [C:\Basic for be Web Developer\awsboard\build\classes\java\main\com\endqh\board\springboot\Application.class]
23:08:58.102 [Test worker] INFO org.springframework.boot.test.context.SpringBootTestContextBootstrapper - Found @SpringBootConfiguration com.endqh.board.springboot.Application for test class com.endqh.board.springboot.domain.posts.PostsRepositoryTest
23:08:58.223 [Test worker] DEBUG org.springframework.boot.test.context.SpringBootTestContextBootstrapper - @TestExecutionListeners is not present for class [com.endqh.board.springboot.domain.posts.PostsRepositoryTest]: using defaults.
23:08:58.224 [Test worker] INFO org.springframework.boot.test.context.SpringBootTestContextBootstrapper - Loaded default TestExecutionListener class names from location [META-INF/spring.factories]: [org.springframework.security.test.context.support.WithSecurityContextTestExecutionListener, org.springframework.security.test.context.support.ReactorContextTestExecutionListener, org.springframework.boot.test.autoconfigure.restdocs.RestDocsTestExecutionListener, org.springframework.boot.test.autoconfigure.web.client.MockRestServiceServerResetTestExecutionListener, org.springframework.boot.test.autoconfigure.web.servlet.MockMvcPrintOnlyOnFailureTestExecutionListener, org.springframework.boot.test.autoconfigure.web.servlet.WebDriverTestExecutionListener, org.springframework.boot.test.mock.mockito.MockitoTestExecutionListener, org.springframework.boot.test.mock.mockito.ResetMocksTestExecutionListener, org.springframework.test.context.web.ServletTestExecutionListener, org.springframework.test.context.support.DirtiesContextBeforeModesTestExecutionListener, org.springframework.test.context.support.DependencyInjectionTestExecutionListener, org.springframework.test.context.support.DirtiesContextTestExecutionListener, org.springframework.test.context.transaction.TransactionalTestExecutionListener, org.springframework.test.context.jdbc.SqlScriptsTestExecutionListener]
23:08:58.252 [Test worker] INFO org.springframework.boot.test.context.SpringBootTestContextBootstrapper - Using TestExecutionListeners: [org.springframework.test.context.web.ServletTestExecutionListener@51720c01, org.springframework.test.context.support.DirtiesContextBeforeModesTestExecutionListener@4155539d, org.springframework.boot.test.mock.mockito.MockitoTestExecutionListener@722b1a42, org.springframework.boot.test.autoconfigure.SpringBootDependencyInjectionTestExecutionListener@5185855c, org.springframework.test.context.support.DirtiesContextTestExecutionListener@10568969, org.springframework.test.context.transaction.TransactionalTestExecutionListener@7b74f945, org.springframework.test.context.jdbc.SqlScriptsTestExecutionListener@51a71563, org.springframework.security.test.context.support.WithSecurityContextTestExecutionListener@2cf5c56e, org.springframework.security.test.context.support.ReactorContextTestExecutionListener@84c1c58, org.springframework.boot.test.autoconfigure.restdocs.RestDocsTestExecutionListener@54ae62c5, org.springframework.boot.test.autoconfigure.web.client.MockRestServiceServerResetTestExecutionListener@3d4b793e, org.springframework.boot.test.autoconfigure.web.servlet.MockMvcPrintOnlyOnFailureTestExecutionListener@3f17154c, org.springframework.boot.test.autoconfigure.web.servlet.WebDriverTestExecutionListener@5751702a, org.springframework.boot.test.mock.mockito.ResetMocksTestExecutionListener@704e884f]
23:08:58.256 [Test worker] DEBUG org.springframework.test.annotation.ProfileValueUtils - Retrieved @ProfileValueSourceConfiguration [null] for test class [com.endqh.board.springboot.domain.posts.PostsRepositoryTest]
23:08:58.257 [Test worker] DEBUG org.springframework.test.annotation.ProfileValueUtils - Retrieved ProfileValueSource type [class org.springframework.test.annotation.SystemProfileValueSource] for class [com.endqh.board.springboot.domain.posts.PostsRepositoryTest]
23:08:58.258 [Test worker] DEBUG org.springframework.test.annotation.ProfileValueUtils - Retrieved @ProfileValueSourceConfiguration [null] for test class [com.endqh.board.springboot.domain.posts.PostsRepositoryTest]
23:08:58.258 [Test worker] DEBUG org.springframework.test.annotation.ProfileValueUtils - Retrieved ProfileValueSource type [class org.springframework.test.annotation.SystemProfileValueSource] for class [com.endqh.board.springboot.domain.posts.PostsRepositoryTest]
23:08:58.264 [Test worker] DEBUG org.springframework.test.context.support.AbstractDirtiesContextTestExecutionListener - Before test class: context [DefaultTestContext@7d370fc2 testClass = PostsRepositoryTest, testInstance = [null], testMethod = [null], testException = [null], mergedContextConfiguration = [WebMergedContextConfiguration@2e6e44a6 testClass = PostsRepositoryTest, locations = '{}', classes = '{class com.endqh.board.springboot.Application}', contextInitializerClasses = '[]', activeProfiles = '{}', propertySourceLocations = '{}', propertySourceProperties = '{org.springframework.boot.test.context.SpringBootTestContextBootstrapper=true}', contextCustomizers = set[org.springframework.boot.test.autoconfigure.properties.PropertyMappingContextCustomizer@0, org.springframework.boot.test.autoconfigure.web.servlet.WebDriverContextCustomizerFactory$Customizer@bbe7b79, org.springframework.boot.test.context.filter.ExcludeFilterContextCustomizer@16aa4acf, org.springframework.boot.test.json.DuplicateJsonObjectContextCustomizerFactory$DuplicateJsonObjectContextCustomizer@2a82217c, org.springframework.boot.test.mock.mockito.MockitoContextCustomizer@0, org.springframework.boot.test.web.client.TestRestTemplateContextCustomizer@64c83982], resourceBasePath = 'src/main/webapp', contextLoader = 'org.springframework.boot.test.context.SpringBootContextLoader', parent = [null]], attributes = map['org.springframework.test.context.web.ServletTestExecutionListener.activateListener' -> true]], class annotated with @DirtiesContext [false] with mode [null].
23:08:58.265 [Test worker] DEBUG org.springframework.test.annotation.ProfileValueUtils - Retrieved @ProfileValueSourceConfiguration [null] for test class [com.endqh.board.springboot.domain.posts.PostsRepositoryTest]
23:08:58.265 [Test worker] DEBUG org.springframework.test.annotation.ProfileValueUtils - Retrieved ProfileValueSource type [class org.springframework.test.annotation.SystemProfileValueSource] for class [com.endqh.board.springboot.domain.posts.PostsRepositoryTest]
23:08:58.291 [Test worker] DEBUG org.springframework.test.context.support.TestPropertySourceUtils - Adding inlined properties to environment: {spring.jmx.enabled=false, org.springframework.boot.test.context.SpringBootTestContextBootstrapper=true, server.port=-1}

  .   ____          _            __ _ _
 /\\ / ___'_ __ _ _(_)_ __  __ _ \ \ \ \
( ( )\___ | '_ | '_| | '_ \/ _` | \ \ \ \
 \\/  ___)| |_)| | | | | || (_| |  ) ) ) )
  '  |____| .__|_| |_|_| |_\__, | / / / /
 =========|_|==============|___/=/_/_/_/
 :: Spring Boot ::        (v2.1.9.RELEASE)

2023-05-03 23:08:58.603  INFO 26252 --- [    Test worker] c.e.b.s.d.posts.PostsRepositoryTest      : Starting PostsRepositoryTest on DESKTOP-JJJCJG6 with PID 26252 (started by IkJu in C:\Basic for be Web Developer\awsboard)
2023-05-03 23:08:58.604  INFO 26252 --- [    Test worker] c.e.b.s.d.posts.PostsRepositoryTest      : No active profile set, falling back to default profiles: default
2023-05-03 23:08:59.475  INFO 26252 --- [    Test worker] .s.d.r.c.RepositoryConfigurationDelegate : Bootstrapping Spring Data repositories in DEFAULT mode.
2023-05-03 23:08:59.567  INFO 26252 --- [    Test worker] .s.d.r.c.RepositoryConfigurationDelegate : Finished Spring Data repository scanning in 83ms. Found 2 repository interfaces.
2023-05-03 23:09:00.056  INFO 26252 --- [    Test worker] trationDelegate$BeanPostProcessorChecker : Bean 'org.springframework.transaction.annotation.ProxyTransactionManagementConfiguration' of type [org.springframework.transaction.annotation.ProxyTransactionManagementConfiguration$$EnhancerBySpringCGLIB$$be8a8c85] is not eligible for getting processed by all BeanPostProcessors (for example: not eligible for auto-proxying)
2023-05-03 23:09:00.268  INFO 26252 --- [    Test worker] com.zaxxer.hikari.HikariDataSource       : HikariPool-1 - Starting...
2023-05-03 23:09:00.468  INFO 26252 --- [    Test worker] com.zaxxer.hikari.HikariDataSource       : HikariPool-1 - Start completed.
2023-05-03 23:09:00.581  INFO 26252 --- [    Test worker] o.hibernate.jpa.internal.util.LogHelper  : HHH000204: Processing PersistenceUnitInfo [
	name: default
	...]
2023-05-03 23:09:00.682  INFO 26252 --- [    Test worker] org.hibernate.Version                    : HHH000412: Hibernate Core {5.3.12.Final}
2023-05-03 23:09:00.684  INFO 26252 --- [    Test worker] org.hibernate.cfg.Environment            : HHH000206: hibernate.properties not found
2023-05-03 23:09:00.905  INFO 26252 --- [    Test worker] o.hibernate.annotations.common.Version   : HCANN000001: Hibernate Commons Annotations {5.0.4.Final}
2023-05-03 23:09:01.115  INFO 26252 --- [    Test worker] org.hibernate.dialect.Dialect            : HHH000400: Using dialect: org.hibernate.dialect.MySQL5InnoDBDialect
Hibernate: drop table if exists posts
Hibernate: drop table if exists user
Hibernate: create table posts (id bigint not null auto_increment, created_date datetime, modified_date datetime, author varchar(255), content TEXT not null, title varchar(500) not null, primary key (id)) engine=InnoDB
Hibernate: create table user (id bigint not null auto_increment, created_date datetime, modified_date datetime, email varchar(255) not null, name varchar(255) not null, picture varchar(255), role varchar(255) not null, primary key (id)) engine=InnoDB
2023-05-03 23:09:01.978  INFO 26252 --- [    Test worker] o.h.t.schema.internal.SchemaCreatorImpl  : HHH000476: Executing import script 'org.hibernate.tool.schema.internal.exec.ScriptSourceInputNonExistentImpl@5e3a46f2'
2023-05-03 23:09:01.982  INFO 26252 --- [    Test worker] j.LocalContainerEntityManagerFactoryBean : Initialized JPA EntityManagerFactory for persistence unit 'default'
2023-05-03 23:09:02.629  INFO 26252 --- [    Test worker] o.h.h.i.QueryTranslatorFactoryInitiator  : HHH000397: Using ASTQueryTranslatorFactory
2023-05-03 23:09:03.213  INFO 26252 --- [    Test worker] o.s.s.web.DefaultSecurityFilterChain     : Creating filter chain: any request, [org.springframework.security.web.context.request.async.WebAsyncManagerIntegrationFilter@238ff94f, org.springframework.security.web.context.SecurityContextPersistenceFilter@3addbd42, org.springframework.security.web.header.HeaderWriterFilter@3c9be857, org.springframework.security.web.authentication.logout.LogoutFilter@4aad4d1e, org.springframework.security.oauth2.client.web.OAuth2AuthorizationRequestRedirectFilter@73846d9f, org.springframework.security.oauth2.client.web.OAuth2LoginAuthenticationFilter@731d27d7, org.springframework.security.web.authentication.ui.DefaultLoginPageGeneratingFilter@6de667aa, org.springframework.security.web.authentication.ui.DefaultLogoutPageGeneratingFilter@3cb559a0, org.springframework.security.web.savedrequest.RequestCacheAwareFilter@568641c1, org.springframework.security.web.servletapi.SecurityContextHolderAwareRequestFilter@68b7c39e, org.springframework.security.web.authentication.AnonymousAuthenticationFilter@334b6646, org.springframework.security.web.session.SessionManagementFilter@6f77c9a9, org.springframework.security.web.access.ExceptionTranslationFilter@6a7d1ea5, org.springframework.security.web.access.intercept.FilterSecurityInterceptor@1467a0c1]
2023-05-03 23:09:03.881  INFO 26252 --- [    Test worker] o.s.s.concurrent.ThreadPoolTaskExecutor  : Initializing ExecutorService 'applicationTaskExecutor'
2023-05-03 23:09:03.945  WARN 26252 --- [    Test worker] aWebConfiguration$JpaWebMvcConfiguration : spring.jpa.open-in-view is enabled by default. Therefore, database queries may be performed during view rendering. Explicitly configure spring.jpa.open-in-view to disable this warning
2023-05-03 23:09:04.004  INFO 26252 --- [    Test worker] o.s.b.a.w.s.WelcomePageHandlerMapping    : Adding welcome page template: index
2023-05-03 23:09:04.575  INFO 26252 --- [    Test worker] s.a.ScheduledAnnotationBeanPostProcessor : No TaskScheduler/ScheduledExecutorService bean found for scheduled processing
2023-05-03 23:09:04.586  INFO 26252 --- [    Test worker] c.e.b.s.d.posts.PostsRepositoryTest      : Started PostsRepositoryTest in 6.282 seconds (JVM running for 7.6)
Hibernate: insert into posts (created_date, modified_date, author, content, title) values (?, ?, ?, ?, ?)
Hibernate: select posts0_.id as id1_0_, posts0_.created_date as created_2_0_, posts0_.modified_date as modified3_0_, posts0_.author as author4_0_, posts0_.content as content5_0_, posts0_.title as title6_0_ from posts posts0_
Hibernate: select posts0_.id as id1_0_, posts0_.created_date as created_2_0_, posts0_.modified_date as modified3_0_, posts0_.author as author4_0_, posts0_.content as content5_0_, posts0_.title as title6_0_ from posts posts0_
Hibernate: delete from posts where id=?
Hibernate: insert into posts (created_date, modified_date, author, content, title) values (?, ?, ?, ?, ?)
Hibernate: select posts0_.id as id1_0_, posts0_.created_date as created_2_0_, posts0_.modified_date as modified3_0_, posts0_.author as author4_0_, posts0_.content as content5_0_, posts0_.title as title6_0_ from posts posts0_
>>>>>>>>> createDate=2023-05-03T23:09:04.892046, modifiedDate=2023-05-03T23:09:04.892046
Hibernate: select posts0_.id as id1_0_, posts0_.created_date as created_2_0_, posts0_.modified_date as modified3_0_, posts0_.author as author4_0_, posts0_.content as content5_0_, posts0_.title as title6_0_ from posts posts0_
Hibernate: delete from posts where id=?
]]></system-out>
  <system-err><![CDATA[]]></system-err>
</testsuite>
