<?xml version="1.0" encoding="UTF-8"?>
<testsuite name="com.endqh.board.springboot.web.ProfileControllerTest" tests="1" skipped="0" failures="0" errors="0" timestamp="2023-05-06T16:00:47" hostname="DESKTOP-JJJCJG6" time="0.332">
  <properties/>
  <testcase name="profile은_인증없이_호출된다" classname="com.endqh.board.springboot.web.ProfileControllerTest" time="0.332"/>
  <system-out><![CDATA[01:00:39.753 [Test worker] DEBUG org.springframework.test.context.junit4.SpringJUnit4ClassRunner - SpringJUnit4ClassRunner constructor called with [class com.endqh.board.springboot.web.ProfileControllerTest]
01:00:39.761 [Test worker] DEBUG org.springframework.test.context.BootstrapUtils - Instantiating CacheAwareContextLoaderDelegate from class [org.springframework.test.context.cache.DefaultCacheAwareContextLoaderDelegate]
01:00:39.771 [Test worker] DEBUG org.springframework.test.context.BootstrapUtils - Instantiating BootstrapContext using constructor [public org.springframework.test.context.support.DefaultBootstrapContext(java.lang.Class,org.springframework.test.context.CacheAwareContextLoaderDelegate)]
01:00:39.788 [Test worker] DEBUG org.springframework.test.context.BootstrapUtils - Instantiating TestContextBootstrapper for test class [com.endqh.board.springboot.web.ProfileControllerTest] from class [org.springframework.boot.test.context.SpringBootTestContextBootstrapper]
01:00:39.805 [Test worker] INFO org.springframework.boot.test.context.SpringBootTestContextBootstrapper - Neither @ContextConfiguration nor @ContextHierarchy found for test class [com.endqh.board.springboot.web.ProfileControllerTest], using SpringBootContextLoader
01:00:39.809 [Test worker] DEBUG org.springframework.test.context.support.AbstractContextLoader - Did not detect default resource location for test class [com.endqh.board.springboot.web.ProfileControllerTest]: class path resource [com/endqh/board/springboot/web/ProfileControllerTest-context.xml] does not exist
01:00:39.809 [Test worker] DEBUG org.springframework.test.context.support.AbstractContextLoader - Did not detect default resource location for test class [com.endqh.board.springboot.web.ProfileControllerTest]: class path resource [com/endqh/board/springboot/web/ProfileControllerTestContext.groovy] does not exist
01:00:39.810 [Test worker] INFO org.springframework.test.context.support.AbstractContextLoader - Could not detect default resource locations for test class [com.endqh.board.springboot.web.ProfileControllerTest]: no resource found for suffixes {-context.xml, Context.groovy}.
01:00:39.810 [Test worker] INFO org.springframework.test.context.support.AnnotationConfigContextLoaderUtils - Could not detect default configuration classes for test class [com.endqh.board.springboot.web.ProfileControllerTest]: ProfileControllerTest does not declare any static, non-private, non-final, nested classes annotated with @Configuration.
01:00:39.858 [Test worker] DEBUG org.springframework.test.context.support.ActiveProfilesUtils - Could not find an 'annotation declaring class' for annotation type [org.springframework.test.context.ActiveProfiles] and class [com.endqh.board.springboot.web.ProfileControllerTest]
01:00:39.981 [Test worker] DEBUG org.springframework.context.annotation.ClassPathScanningCandidateComponentProvider - Identified candidate component class: file [C:\Basic for be Web Developer\awsboard\build\classes\java\main\com\endqh\board\springboot\Application.class]
01:00:39.982 [Test worker] INFO org.springframework.boot.test.context.SpringBootTestContextBootstrapper - Found @SpringBootConfiguration com.endqh.board.springboot.Application for test class com.endqh.board.springboot.web.ProfileControllerTest
01:00:40.102 [Test worker] DEBUG org.springframework.boot.test.context.SpringBootTestContextBootstrapper - @TestExecutionListeners is not present for class [com.endqh.board.springboot.web.ProfileControllerTest]: using defaults.
01:00:40.102 [Test worker] INFO org.springframework.boot.test.context.SpringBootTestContextBootstrapper - Loaded default TestExecutionListener class names from location [META-INF/spring.factories]: [org.springframework.security.test.context.support.WithSecurityContextTestExecutionListener, org.springframework.security.test.context.support.ReactorContextTestExecutionListener, org.springframework.boot.test.autoconfigure.restdocs.RestDocsTestExecutionListener, org.springframework.boot.test.autoconfigure.web.client.MockRestServiceServerResetTestExecutionListener, org.springframework.boot.test.autoconfigure.web.servlet.MockMvcPrintOnlyOnFailureTestExecutionListener, org.springframework.boot.test.autoconfigure.web.servlet.WebDriverTestExecutionListener, org.springframework.boot.test.mock.mockito.MockitoTestExecutionListener, org.springframework.boot.test.mock.mockito.ResetMocksTestExecutionListener, org.springframework.test.context.web.ServletTestExecutionListener, org.springframework.test.context.support.DirtiesContextBeforeModesTestExecutionListener, org.springframework.test.context.support.DependencyInjectionTestExecutionListener, org.springframework.test.context.support.DirtiesContextTestExecutionListener, org.springframework.test.context.transaction.TransactionalTestExecutionListener, org.springframework.test.context.jdbc.SqlScriptsTestExecutionListener]
01:00:40.134 [Test worker] INFO org.springframework.boot.test.context.SpringBootTestContextBootstrapper - Using TestExecutionListeners: [org.springframework.test.context.web.ServletTestExecutionListener@53f9f896, org.springframework.test.context.support.DirtiesContextBeforeModesTestExecutionListener@b6a3edc, org.springframework.boot.test.mock.mockito.MockitoTestExecutionListener@38711396, org.springframework.boot.test.autoconfigure.SpringBootDependencyInjectionTestExecutionListener@236dae6a, org.springframework.test.context.support.DirtiesContextTestExecutionListener@3f4ccfd9, org.springframework.test.context.transaction.TransactionalTestExecutionListener@658a9a32, org.springframework.test.context.jdbc.SqlScriptsTestExecutionListener@55d7c8b6, org.springframework.security.test.context.support.WithSecurityContextTestExecutionListener@1b072298, org.springframework.security.test.context.support.ReactorContextTestExecutionListener@42ec0426, org.springframework.boot.test.autoconfigure.restdocs.RestDocsTestExecutionListener@73065d43, org.springframework.boot.test.autoconfigure.web.client.MockRestServiceServerResetTestExecutionListener@187fa9ed, org.springframework.boot.test.autoconfigure.web.servlet.MockMvcPrintOnlyOnFailureTestExecutionListener@3ace5b98, org.springframework.boot.test.autoconfigure.web.servlet.WebDriverTestExecutionListener@1821b5d3, org.springframework.boot.test.mock.mockito.ResetMocksTestExecutionListener@590c0fd1]
01:00:40.137 [Test worker] DEBUG org.springframework.test.annotation.ProfileValueUtils - Retrieved @ProfileValueSourceConfiguration [null] for test class [com.endqh.board.springboot.web.ProfileControllerTest]
01:00:40.138 [Test worker] DEBUG org.springframework.test.annotation.ProfileValueUtils - Retrieved ProfileValueSource type [class org.springframework.test.annotation.SystemProfileValueSource] for class [com.endqh.board.springboot.web.ProfileControllerTest]
01:00:40.143 [Test worker] DEBUG org.springframework.test.annotation.ProfileValueUtils - Retrieved @ProfileValueSourceConfiguration [null] for test class [com.endqh.board.springboot.web.ProfileControllerTest]
01:00:40.143 [Test worker] DEBUG org.springframework.test.annotation.ProfileValueUtils - Retrieved ProfileValueSource type [class org.springframework.test.annotation.SystemProfileValueSource] for class [com.endqh.board.springboot.web.ProfileControllerTest]
01:00:40.143 [Test worker] DEBUG org.springframework.test.annotation.ProfileValueUtils - Retrieved @ProfileValueSourceConfiguration [null] for test class [com.endqh.board.springboot.web.ProfileControllerTest]
01:00:40.144 [Test worker] DEBUG org.springframework.test.annotation.ProfileValueUtils - Retrieved ProfileValueSource type [class org.springframework.test.annotation.SystemProfileValueSource] for class [com.endqh.board.springboot.web.ProfileControllerTest]
01:00:40.149 [Test worker] DEBUG org.springframework.test.context.support.AbstractDirtiesContextTestExecutionListener - Before test class: context [DefaultTestContext@31687ab2 testClass = ProfileControllerTest, testInstance = [null], testMethod = [null], testException = [null], mergedContextConfiguration = [WebMergedContextConfiguration@598db50c testClass = ProfileControllerTest, locations = '{}', classes = '{class com.endqh.board.springboot.Application}', contextInitializerClasses = '[]', activeProfiles = '{}', propertySourceLocations = '{}', propertySourceProperties = '{org.springframework.boot.test.context.SpringBootTestContextBootstrapper=true, server.port=0}', contextCustomizers = set[org.springframework.boot.test.autoconfigure.properties.PropertyMappingContextCustomizer@0, org.springframework.boot.test.autoconfigure.web.servlet.WebDriverContextCustomizerFactory$Customizer@72938fb1, org.springframework.boot.test.context.filter.ExcludeFilterContextCustomizer@1fefdd38, org.springframework.boot.test.json.DuplicateJsonObjectContextCustomizerFactory$DuplicateJsonObjectContextCustomizer@762d154c, org.springframework.boot.test.mock.mockito.MockitoContextCustomizer@0, org.springframework.boot.test.web.client.TestRestTemplateContextCustomizer@25a44e2a], resourceBasePath = 'src/main/webapp', contextLoader = 'org.springframework.boot.test.context.SpringBootContextLoader', parent = [null]], attributes = map['org.springframework.test.context.web.ServletTestExecutionListener.activateListener' -> false]], class annotated with @DirtiesContext [false] with mode [null].
01:00:40.149 [Test worker] DEBUG org.springframework.test.annotation.ProfileValueUtils - Retrieved @ProfileValueSourceConfiguration [null] for test class [com.endqh.board.springboot.web.ProfileControllerTest]
01:00:40.149 [Test worker] DEBUG org.springframework.test.annotation.ProfileValueUtils - Retrieved ProfileValueSource type [class org.springframework.test.annotation.SystemProfileValueSource] for class [com.endqh.board.springboot.web.ProfileControllerTest]
01:00:40.154 [Test worker] DEBUG org.springframework.test.context.support.DependencyInjectionTestExecutionListener - Performing dependency injection for test context [[DefaultTestContext@31687ab2 testClass = ProfileControllerTest, testInstance = com.endqh.board.springboot.web.ProfileControllerTest@41b30518, testMethod = [null], testException = [null], mergedContextConfiguration = [WebMergedContextConfiguration@598db50c testClass = ProfileControllerTest, locations = '{}', classes = '{class com.endqh.board.springboot.Application}', contextInitializerClasses = '[]', activeProfiles = '{}', propertySourceLocations = '{}', propertySourceProperties = '{org.springframework.boot.test.context.SpringBootTestContextBootstrapper=true, server.port=0}', contextCustomizers = set[org.springframework.boot.test.autoconfigure.properties.PropertyMappingContextCustomizer@0, org.springframework.boot.test.autoconfigure.web.servlet.WebDriverContextCustomizerFactory$Customizer@72938fb1, org.springframework.boot.test.context.filter.ExcludeFilterContextCustomizer@1fefdd38, org.springframework.boot.test.json.DuplicateJsonObjectContextCustomizerFactory$DuplicateJsonObjectContextCustomizer@762d154c, org.springframework.boot.test.mock.mockito.MockitoContextCustomizer@0, org.springframework.boot.test.web.client.TestRestTemplateContextCustomizer@25a44e2a], resourceBasePath = 'src/main/webapp', contextLoader = 'org.springframework.boot.test.context.SpringBootContextLoader', parent = [null]], attributes = map['org.springframework.test.context.web.ServletTestExecutionListener.activateListener' -> false]]].
01:00:40.177 [Test worker] DEBUG org.springframework.test.context.support.TestPropertySourceUtils - Adding inlined properties to environment: {spring.jmx.enabled=false, org.springframework.boot.test.context.SpringBootTestContextBootstrapper=true, server.port=0}

  .   ____          _            __ _ _
 /\\ / ___'_ __ _ _(_)_ __  __ _ \ \ \ \
( ( )\___ | '_ | '_| | '_ \/ _` | \ \ \ \
 \\/  ___)| |_)| | | | | || (_| |  ) ) ) )
  '  |____| .__|_| |_|_| |_\__, | / / / /
 =========|_|==============|___/=/_/_/_/
 :: Spring Boot ::        (v2.1.9.RELEASE)

2023-05-07 01:00:40.483  INFO 24380 --- [    Test worker] c.e.b.s.web.ProfileControllerTest        : Starting ProfileControllerTest on DESKTOP-JJJCJG6 with PID 24380 (started by IkJu in C:\Basic for be Web Developer\awsboard)
2023-05-07 01:00:40.484  INFO 24380 --- [    Test worker] c.e.b.s.web.ProfileControllerTest        : No active profile set, falling back to default profiles: default
2023-05-07 01:00:41.426  INFO 24380 --- [    Test worker] .s.d.r.c.RepositoryConfigurationDelegate : Bootstrapping Spring Data repositories in DEFAULT mode.
2023-05-07 01:00:41.541  INFO 24380 --- [    Test worker] .s.d.r.c.RepositoryConfigurationDelegate : Finished Spring Data repository scanning in 106ms. Found 4 repository interfaces.
2023-05-07 01:00:42.064  INFO 24380 --- [    Test worker] trationDelegate$BeanPostProcessorChecker : Bean 'org.springframework.transaction.annotation.ProxyTransactionManagementConfiguration' of type [org.springframework.transaction.annotation.ProxyTransactionManagementConfiguration$$EnhancerBySpringCGLIB$$7dea29b2] is not eligible for getting processed by all BeanPostProcessors (for example: not eligible for auto-proxying)
2023-05-07 01:00:42.486  INFO 24380 --- [    Test worker] o.s.b.w.embedded.tomcat.TomcatWebServer  : Tomcat initialized with port(s): 0 (http)
2023-05-07 01:00:42.514  INFO 24380 --- [    Test worker] o.apache.catalina.core.StandardService   : Starting service [Tomcat]
2023-05-07 01:00:42.515  INFO 24380 --- [    Test worker] org.apache.catalina.core.StandardEngine  : Starting Servlet engine: [Apache Tomcat/9.0.26]
2023-05-07 01:00:42.700  INFO 24380 --- [    Test worker] o.a.c.c.C.[Tomcat].[localhost].[/]       : Initializing Spring embedded WebApplicationContext
2023-05-07 01:00:42.700  INFO 24380 --- [    Test worker] o.s.web.context.ContextLoader            : Root WebApplicationContext: initialization completed in 2192 ms
2023-05-07 01:00:43.039  INFO 24380 --- [    Test worker] com.zaxxer.hikari.HikariDataSource       : HikariPool-1 - Starting...
2023-05-07 01:00:43.252  INFO 24380 --- [    Test worker] com.zaxxer.hikari.HikariDataSource       : HikariPool-1 - Start completed.
2023-05-07 01:00:43.390  INFO 24380 --- [    Test worker] o.hibernate.jpa.internal.util.LogHelper  : HHH000204: Processing PersistenceUnitInfo [
	name: default
	...]
2023-05-07 01:00:43.515  INFO 24380 --- [    Test worker] org.hibernate.Version                    : HHH000412: Hibernate Core {5.3.12.Final}
2023-05-07 01:00:43.518  INFO 24380 --- [    Test worker] org.hibernate.cfg.Environment            : HHH000206: hibernate.properties not found
2023-05-07 01:00:43.775  INFO 24380 --- [    Test worker] o.hibernate.annotations.common.Version   : HCANN000001: Hibernate Commons Annotations {5.0.4.Final}
2023-05-07 01:00:44.011  INFO 24380 --- [    Test worker] org.hibernate.dialect.Dialect            : HHH000400: Using dialect: org.hibernate.dialect.MySQL5InnoDBDialect
Hibernate: drop table if exists log
Hibernate: drop table if exists notice
Hibernate: drop table if exists posts
Hibernate: drop table if exists user
Hibernate: create table log (id bigint not null auto_increment, created_date datetime, modified_date datetime, article_id bigint, board_name varchar(255), ip_address varchar(255), user_id bigint, primary key (id)) engine=InnoDB
Hibernate: create table notice (id bigint not null auto_increment, created_date datetime, modified_date datetime, author varchar(255), author_id bigint, content TEXT not null, title varchar(450) not null, primary key (id)) engine=InnoDB
Hibernate: create table posts (id bigint not null auto_increment, created_date datetime, modified_date datetime, author varchar(255), author_id bigint, content TEXT not null, title varchar(500) not null, primary key (id)) engine=InnoDB
Hibernate: create table user (id bigint not null auto_increment, created_date datetime, modified_date datetime, email varchar(255) not null, name varchar(255) not null, picture varchar(255), role varchar(255) not null, primary key (id)) engine=InnoDB
2023-05-07 01:00:45.002  INFO 24380 --- [    Test worker] o.h.t.schema.internal.SchemaCreatorImpl  : HHH000476: Executing import script 'org.hibernate.tool.schema.internal.exec.ScriptSourceInputNonExistentImpl@46cf46ce'
2023-05-07 01:00:45.007  INFO 24380 --- [    Test worker] j.LocalContainerEntityManagerFactoryBean : Initialized JPA EntityManagerFactory for persistence unit 'default'
2023-05-07 01:00:45.920  INFO 24380 --- [    Test worker] o.h.h.i.QueryTranslatorFactoryInitiator  : HHH000397: Using ASTQueryTranslatorFactory
2023-05-07 01:00:46.544  INFO 24380 --- [    Test worker] o.s.s.web.DefaultSecurityFilterChain     : Creating filter chain: any request, [org.springframework.security.web.context.request.async.WebAsyncManagerIntegrationFilter@316a089e, org.springframework.security.web.context.SecurityContextPersistenceFilter@6221741f, org.springframework.security.web.header.HeaderWriterFilter@12fa6479, org.springframework.security.web.authentication.logout.LogoutFilter@616ecb35, org.springframework.security.oauth2.client.web.OAuth2AuthorizationRequestRedirectFilter@677fb335, org.springframework.security.oauth2.client.web.OAuth2LoginAuthenticationFilter@5547e49e, org.springframework.security.web.savedrequest.RequestCacheAwareFilter@792e535e, org.springframework.security.web.servletapi.SecurityContextHolderAwareRequestFilter@7d3053e3, org.springframework.security.web.authentication.AnonymousAuthenticationFilter@ca75be6, org.springframework.security.web.session.SessionManagementFilter@5235805f, org.springframework.security.web.access.ExceptionTranslationFilter@5e9cb3d0, org.springframework.security.web.access.intercept.FilterSecurityInterceptor@46270a7]
2023-05-07 01:00:46.948  INFO 24380 --- [    Test worker] o.s.s.concurrent.ThreadPoolTaskExecutor  : Initializing ExecutorService 'applicationTaskExecutor'
2023-05-07 01:00:47.016  WARN 24380 --- [    Test worker] aWebConfiguration$JpaWebMvcConfiguration : spring.jpa.open-in-view is enabled by default. Therefore, database queries may be performed during view rendering. Explicitly configure spring.jpa.open-in-view to disable this warning
2023-05-07 01:00:47.077  INFO 24380 --- [    Test worker] o.s.b.a.w.s.WelcomePageHandlerMapping    : Adding welcome page template: index
2023-05-07 01:00:47.606  INFO 24380 --- [    Test worker] s.a.ScheduledAnnotationBeanPostProcessor : No TaskScheduler/ScheduledExecutorService bean found for scheduled processing
2023-05-07 01:00:47.633  INFO 24380 --- [    Test worker] o.s.b.w.embedded.tomcat.TomcatWebServer  : Tomcat started on port(s): 13230 (http) with context path ''
2023-05-07 01:00:47.635  INFO 24380 --- [    Test worker] c.e.b.s.web.ProfileControllerTest        : Started ProfileControllerTest in 7.457 seconds (JVM running for 8.746)
2023-05-07 01:00:47.814  INFO 24380 --- [o-auto-1-exec-1] o.a.c.c.C.[Tomcat].[localhost].[/]       : Initializing Spring DispatcherServlet 'dispatcherServlet'
2023-05-07 01:00:47.814  INFO 24380 --- [o-auto-1-exec-1] o.s.web.servlet.DispatcherServlet        : Initializing Servlet 'dispatcherServlet'
2023-05-07 01:00:47.837  INFO 24380 --- [o-auto-1-exec-1] o.s.web.servlet.DispatcherServlet        : Completed initialization in 23 ms
]]></system-out>
  <system-err><![CDATA[]]></system-err>
</testsuite>
