<?xml version="1.0" encoding="UTF-8"?>
<testsuite name="com.endqh.board.springboot.web.HelloControllerTest" tests="2" skipped="0" failures="0" errors="0" timestamp="2023-05-03T14:09:05" hostname="DESKTOP-JJJCJG6" time="0.134">
  <properties/>
  <testcase name="hello가_리턴된다" classname="com.endqh.board.springboot.web.HelloControllerTest" time="0.06"/>
  <testcase name="helloDto가_리턴된다" classname="com.endqh.board.springboot.web.HelloControllerTest" time="0.074"/>
  <system-out><![CDATA[2023-05-03 23:09:04.906  INFO 26252 --- [    Test worker] .b.t.a.w.s.WebMvcTestContextBootstrapper : Neither @ContextConfiguration nor @ContextHierarchy found for test class [com.endqh.board.springboot.web.HelloControllerTest], using SpringBootContextLoader
2023-05-03 23:09:04.908  INFO 26252 --- [    Test worker] o.s.t.c.support.AbstractContextLoader    : Could not detect default resource locations for test class [com.endqh.board.springboot.web.HelloControllerTest]: no resource found for suffixes {-context.xml, Context.groovy}.
2023-05-03 23:09:04.908  INFO 26252 --- [    Test worker] t.c.s.AnnotationConfigContextLoaderUtils : Could not detect default configuration classes for test class [com.endqh.board.springboot.web.HelloControllerTest]: HelloControllerTest does not declare any static, non-private, non-final, nested classes annotated with @Configuration.
2023-05-03 23:09:04.928  INFO 26252 --- [    Test worker] .b.t.c.SpringBootTestContextBootstrapper : Found @SpringBootConfiguration com.endqh.board.springboot.Application for test class com.endqh.board.springboot.web.HelloControllerTest
2023-05-03 23:09:04.928  INFO 26252 --- [    Test worker] .b.t.a.w.s.WebMvcTestContextBootstrapper : Loaded default TestExecutionListener class names from location [META-INF/spring.factories]: [org.springframework.security.test.context.support.WithSecurityContextTestExecutionListener, org.springframework.security.test.context.support.ReactorContextTestExecutionListener, org.springframework.boot.test.autoconfigure.restdocs.RestDocsTestExecutionListener, org.springframework.boot.test.autoconfigure.web.client.MockRestServiceServerResetTestExecutionListener, org.springframework.boot.test.autoconfigure.web.servlet.MockMvcPrintOnlyOnFailureTestExecutionListener, org.springframework.boot.test.autoconfigure.web.servlet.WebDriverTestExecutionListener, org.springframework.boot.test.mock.mockito.MockitoTestExecutionListener, org.springframework.boot.test.mock.mockito.ResetMocksTestExecutionListener, org.springframework.test.context.web.ServletTestExecutionListener, org.springframework.test.context.support.DirtiesContextBeforeModesTestExecutionListener, org.springframework.test.context.support.DependencyInjectionTestExecutionListener, org.springframework.test.context.support.DirtiesContextTestExecutionListener, org.springframework.test.context.transaction.TransactionalTestExecutionListener, org.springframework.test.context.jdbc.SqlScriptsTestExecutionListener]
2023-05-03 23:09:04.929  INFO 26252 --- [    Test worker] .b.t.a.w.s.WebMvcTestContextBootstrapper : Using TestExecutionListeners: [org.springframework.test.context.web.ServletTestExecutionListener@733a6bc9, org.springframework.test.context.support.DirtiesContextBeforeModesTestExecutionListener@645e70d0, org.springframework.boot.test.mock.mockito.MockitoTestExecutionListener@60136dce, org.springframework.boot.test.autoconfigure.SpringBootDependencyInjectionTestExecutionListener@27380ca3, org.springframework.test.context.support.DirtiesContextTestExecutionListener@77c5fae, org.springframework.test.context.transaction.TransactionalTestExecutionListener@10336761, org.springframework.test.context.jdbc.SqlScriptsTestExecutionListener@6bb505b4, org.springframework.security.test.context.support.WithSecurityContextTestExecutionListener@c8f5175, org.springframework.security.test.context.support.ReactorContextTestExecutionListener@696bee65, org.springframework.boot.test.autoconfigure.restdocs.RestDocsTestExecutionListener@62e89446, org.springframework.boot.test.autoconfigure.web.client.MockRestServiceServerResetTestExecutionListener@2133a50a, org.springframework.boot.test.autoconfigure.web.servlet.MockMvcPrintOnlyOnFailureTestExecutionListener@57c15ca0, org.springframework.boot.test.autoconfigure.web.servlet.WebDriverTestExecutionListener@616f98fb, org.springframework.boot.test.mock.mockito.ResetMocksTestExecutionListener@47037a34]

  .   ____          _            __ _ _
 /\\ / ___'_ __ _ _(_)_ __  __ _ \ \ \ \
( ( )\___ | '_ | '_| | '_ \/ _` | \ \ \ \
 \\/  ___)| |_)| | | | | || (_| |  ) ) ) )
  '  |____| .__|_| |_|_| |_\__, | / / / /
 =========|_|==============|___/=/_/_/_/
 :: Spring Boot ::        (v2.1.9.RELEASE)

2023-05-03 23:09:04.967  INFO 26252 --- [    Test worker] c.e.b.s.web.HelloControllerTest          : Starting HelloControllerTest on DESKTOP-JJJCJG6 with PID 26252 (started by IkJu in C:\Basic for be Web Developer\awsboard)
2023-05-03 23:09:04.967  INFO 26252 --- [    Test worker] c.e.b.s.web.HelloControllerTest          : No active profile set, falling back to default profiles: default
2023-05-03 23:09:05.392  INFO 26252 --- [    Test worker] o.s.s.concurrent.ThreadPoolTaskExecutor  : Initializing ExecutorService 'applicationTaskExecutor'
2023-05-03 23:09:05.426  INFO 26252 --- [    Test worker] o.s.b.a.w.s.WelcomePageHandlerMapping    : Adding welcome page template: index
2023-05-03 23:09:05.646  INFO 26252 --- [    Test worker] .s.s.UserDetailsServiceAutoConfiguration : 

Using generated security password: 17813f53-ab52-446d-90f0-33d49599ec43

2023-05-03 23:09:05.785  INFO 26252 --- [    Test worker] o.s.s.web.DefaultSecurityFilterChain     : Creating filter chain: any request, [org.springframework.security.web.context.request.async.WebAsyncManagerIntegrationFilter@2d171ebe, org.springframework.security.web.context.SecurityContextPersistenceFilter@1d882ab1, org.springframework.security.web.header.HeaderWriterFilter@a2c8871, org.springframework.security.web.csrf.CsrfFilter@37142a23, org.springframework.security.web.authentication.logout.LogoutFilter@e1319b6, org.springframework.security.web.authentication.UsernamePasswordAuthenticationFilter@4d1bca8b, org.springframework.security.web.authentication.ui.DefaultLoginPageGeneratingFilter@af6e6f5, org.springframework.security.web.authentication.ui.DefaultLogoutPageGeneratingFilter@4921ccfe, org.springframework.security.web.authentication.www.BasicAuthenticationFilter@616fbeef, org.springframework.security.web.savedrequest.RequestCacheAwareFilter@79adcb7, org.springframework.security.web.servletapi.SecurityContextHolderAwareRequestFilter@699bb335, org.springframework.security.web.authentication.AnonymousAuthenticationFilter@55a59bf3, org.springframework.security.web.session.SessionManagementFilter@1c7ffe25, org.springframework.security.web.access.ExceptionTranslationFilter@2f66bdda, org.springframework.security.web.access.intercept.FilterSecurityInterceptor@76ff5912]
2023-05-03 23:09:05.818  INFO 26252 --- [    Test worker] o.s.b.t.m.w.SpringBootMockServletContext : Initializing Spring TestDispatcherServlet ''
2023-05-03 23:09:05.818  INFO 26252 --- [    Test worker] o.s.t.web.servlet.TestDispatcherServlet  : Initializing Servlet ''
2023-05-03 23:09:05.830  INFO 26252 --- [    Test worker] o.s.t.web.servlet.TestDispatcherServlet  : Completed initialization in 12 ms
2023-05-03 23:09:05.855  INFO 26252 --- [    Test worker] c.e.b.s.web.HelloControllerTest          : Started HelloControllerTest in 0.924 seconds (JVM running for 8.869)
]]></system-out>
  <system-err><![CDATA[]]></system-err>
</testsuite>
