<?xml version="1.0" encoding="UTF-8"?>
<testsuite name="com.endqh.board.springboot.web.PostsApiControllerTest" tests="2" skipped="0" failures="0" errors="0" timestamp="2023-05-03T14:09:08" hostname="DESKTOP-JJJCJG6" time="0.078">
  <properties/>
  <testcase name="Posts_등록된다" classname="com.endqh.board.springboot.web.PostsApiControllerTest" time="0.055"/>
  <testcase name="Posts_수정된다" classname="com.endqh.board.springboot.web.PostsApiControllerTest" time="0.022"/>
  <system-out><![CDATA[2023-05-03 23:09:08.342  INFO 26252 --- [    Test worker] .b.t.c.SpringBootTestContextBootstrapper : Neither @ContextConfiguration nor @ContextHierarchy found for test class [com.endqh.board.springboot.web.PostsApiControllerTest], using SpringBootContextLoader
2023-05-03 23:09:08.343  INFO 26252 --- [    Test worker] o.s.t.c.support.AbstractContextLoader    : Could not detect default resource locations for test class [com.endqh.board.springboot.web.PostsApiControllerTest]: no resource found for suffixes {-context.xml, Context.groovy}.
2023-05-03 23:09:08.343  INFO 26252 --- [    Test worker] t.c.s.AnnotationConfigContextLoaderUtils : Could not detect default configuration classes for test class [com.endqh.board.springboot.web.PostsApiControllerTest]: PostsApiControllerTest does not declare any static, non-private, non-final, nested classes annotated with @Configuration.
2023-05-03 23:09:08.345  INFO 26252 --- [    Test worker] .b.t.c.SpringBootTestContextBootstrapper : Found @SpringBootConfiguration com.endqh.board.springboot.Application for test class com.endqh.board.springboot.web.PostsApiControllerTest
2023-05-03 23:09:08.346  INFO 26252 --- [    Test worker] .b.t.c.SpringBootTestContextBootstrapper : Loaded default TestExecutionListener class names from location [META-INF/spring.factories]: [org.springframework.security.test.context.support.WithSecurityContextTestExecutionListener, org.springframework.security.test.context.support.ReactorContextTestExecutionListener, org.springframework.boot.test.autoconfigure.restdocs.RestDocsTestExecutionListener, org.springframework.boot.test.autoconfigure.web.client.MockRestServiceServerResetTestExecutionListener, org.springframework.boot.test.autoconfigure.web.servlet.MockMvcPrintOnlyOnFailureTestExecutionListener, org.springframework.boot.test.autoconfigure.web.servlet.WebDriverTestExecutionListener, org.springframework.boot.test.mock.mockito.MockitoTestExecutionListener, org.springframework.boot.test.mock.mockito.ResetMocksTestExecutionListener, org.springframework.test.context.web.ServletTestExecutionListener, org.springframework.test.context.support.DirtiesContextBeforeModesTestExecutionListener, org.springframework.test.context.support.DependencyInjectionTestExecutionListener, org.springframework.test.context.support.DirtiesContextTestExecutionListener, org.springframework.test.context.transaction.TransactionalTestExecutionListener, org.springframework.test.context.jdbc.SqlScriptsTestExecutionListener]
2023-05-03 23:09:08.347  INFO 26252 --- [    Test worker] .b.t.c.SpringBootTestContextBootstrapper : Using TestExecutionListeners: [org.springframework.test.context.web.ServletTestExecutionListener@5f792f91, org.springframework.test.context.support.DirtiesContextBeforeModesTestExecutionListener@f3089f, org.springframework.boot.test.mock.mockito.MockitoTestExecutionListener@14dfda77, org.springframework.boot.test.autoconfigure.SpringBootDependencyInjectionTestExecutionListener@726f0a84, org.springframework.test.context.support.DirtiesContextTestExecutionListener@647cb6ff, org.springframework.test.context.transaction.TransactionalTestExecutionListener@7c53ed1f, org.springframework.test.context.jdbc.SqlScriptsTestExecutionListener@16358c80, org.springframework.security.test.context.support.WithSecurityContextTestExecutionListener@1c849fe8, org.springframework.security.test.context.support.ReactorContextTestExecutionListener@1d4e09c9, org.springframework.boot.test.autoconfigure.restdocs.RestDocsTestExecutionListener@7e96346a, org.springframework.boot.test.autoconfigure.web.client.MockRestServiceServerResetTestExecutionListener@447de6b4, org.springframework.boot.test.autoconfigure.web.servlet.MockMvcPrintOnlyOnFailureTestExecutionListener@7cbe5a0c, org.springframework.boot.test.autoconfigure.web.servlet.WebDriverTestExecutionListener@11531413, org.springframework.boot.test.mock.mockito.ResetMocksTestExecutionListener@5ea95737]
2023-05-03 23:09:08.353  INFO 26252 --- [    Test worker] o.a.c.c.C.[Tomcat].[localhost].[/]       : Initializing Spring TestDispatcherServlet ''
2023-05-03 23:09:08.353  INFO 26252 --- [    Test worker] o.s.t.web.servlet.TestDispatcherServlet  : Initializing Servlet ''
2023-05-03 23:09:08.354  INFO 26252 --- [    Test worker] o.s.t.web.servlet.TestDispatcherServlet  : Completed initialization in 1 ms
Hibernate: insert into posts (created_date, modified_date, author, content, title) values (?, ?, ?, ?, ?)
Hibernate: select posts0_.id as id1_0_, posts0_.created_date as created_2_0_, posts0_.modified_date as modified3_0_, posts0_.author as author4_0_, posts0_.content as content5_0_, posts0_.title as title6_0_ from posts posts0_
Hibernate: select posts0_.id as id1_0_, posts0_.created_date as created_2_0_, posts0_.modified_date as modified3_0_, posts0_.author as author4_0_, posts0_.content as content5_0_, posts0_.title as title6_0_ from posts posts0_
Hibernate: delete from posts where id=?
2023-05-03 23:09:08.406  INFO 26252 --- [    Test worker] o.a.c.c.C.[Tomcat].[localhost].[/]       : Initializing Spring TestDispatcherServlet ''
2023-05-03 23:09:08.406  INFO 26252 --- [    Test worker] o.s.t.web.servlet.TestDispatcherServlet  : Initializing Servlet ''
2023-05-03 23:09:08.407  INFO 26252 --- [    Test worker] o.s.t.web.servlet.TestDispatcherServlet  : Completed initialization in 1 ms
Hibernate: insert into posts (created_date, modified_date, author, content, title) values (?, ?, ?, ?, ?)
Hibernate: select posts0_.id as id1_0_0_, posts0_.created_date as created_2_0_0_, posts0_.modified_date as modified3_0_0_, posts0_.author as author4_0_0_, posts0_.content as content5_0_0_, posts0_.title as title6_0_0_ from posts posts0_ where posts0_.id=?
Hibernate: update posts set created_date=?, modified_date=?, author=?, content=?, title=? where id=?
Hibernate: select posts0_.id as id1_0_, posts0_.created_date as created_2_0_, posts0_.modified_date as modified3_0_, posts0_.author as author4_0_, posts0_.content as content5_0_, posts0_.title as title6_0_ from posts posts0_
Hibernate: select posts0_.id as id1_0_, posts0_.created_date as created_2_0_, posts0_.modified_date as modified3_0_, posts0_.author as author4_0_, posts0_.content as content5_0_, posts0_.title as title6_0_ from posts posts0_
Hibernate: delete from posts where id=?
]]></system-out>
  <system-err><![CDATA[]]></system-err>
</testsuite>
