<?xml version="1.0" encoding="UTF-8"?>
<testsuite name="com.endqh.board.springboot.web.HelloControllerTest" tests="2" skipped="0" failures="0" errors="0" timestamp="2023-05-06T11:38:06" hostname="DESKTOP-JJJCJG6" time="0.146">
  <properties/>
  <testcase name="hello가_리턴된다" classname="com.endqh.board.springboot.web.HelloControllerTest" time="0.066"/>
  <testcase name="helloDto가_리턴된다" classname="com.endqh.board.springboot.web.HelloControllerTest" time="0.079"/>
  <system-out><![CDATA[2023-05-06 20:38:05.796  INFO 25332 --- [    Test worker] .b.t.a.w.s.WebMvcTestContextBootstrapper : Neither @ContextConfiguration nor @ContextHierarchy found for test class [com.endqh.board.springboot.web.HelloControllerTest], using SpringBootContextLoader
2023-05-06 20:38:05.797  INFO 25332 --- [    Test worker] o.s.t.c.support.AbstractContextLoader    : Could not detect default resource locations for test class [com.endqh.board.springboot.web.HelloControllerTest]: no resource found for suffixes {-context.xml, Context.groovy}.
2023-05-06 20:38:05.797  INFO 25332 --- [    Test worker] t.c.s.AnnotationConfigContextLoaderUtils : Could not detect default configuration classes for test class [com.endqh.board.springboot.web.HelloControllerTest]: HelloControllerTest does not declare any static, non-private, non-final, nested classes annotated with @Configuration.
2023-05-06 20:38:05.818  INFO 25332 --- [    Test worker] .b.t.c.SpringBootTestContextBootstrapper : Found @SpringBootConfiguration com.endqh.board.springboot.Application for test class com.endqh.board.springboot.web.HelloControllerTest
2023-05-06 20:38:05.819  INFO 25332 --- [    Test worker] .b.t.a.w.s.WebMvcTestContextBootstrapper : Loaded default TestExecutionListener class names from location [META-INF/spring.factories]: [org.springframework.security.test.context.support.WithSecurityContextTestExecutionListener, org.springframework.security.test.context.support.ReactorContextTestExecutionListener, org.springframework.boot.test.autoconfigure.restdocs.RestDocsTestExecutionListener, org.springframework.boot.test.autoconfigure.web.client.MockRestServiceServerResetTestExecutionListener, org.springframework.boot.test.autoconfigure.web.servlet.MockMvcPrintOnlyOnFailureTestExecutionListener, org.springframework.boot.test.autoconfigure.web.servlet.WebDriverTestExecutionListener, org.springframework.boot.test.mock.mockito.MockitoTestExecutionListener, org.springframework.boot.test.mock.mockito.ResetMocksTestExecutionListener, org.springframework.test.context.web.ServletTestExecutionListener, org.springframework.test.context.support.DirtiesContextBeforeModesTestExecutionListener, org.springframework.test.context.support.DependencyInjectionTestExecutionListener, org.springframework.test.context.support.DirtiesContextTestExecutionListener, org.springframework.test.context.transaction.TransactionalTestExecutionListener, org.springframework.test.context.jdbc.SqlScriptsTestExecutionListener]
2023-05-06 20:38:05.820  INFO 25332 --- [    Test worker] .b.t.a.w.s.WebMvcTestContextBootstrapper : Using TestExecutionListeners: [org.springframework.test.context.web.ServletTestExecutionListener@197d6981, org.springframework.test.context.support.DirtiesContextBeforeModesTestExecutionListener@e34fcbd, org.springframework.boot.test.mock.mockito.MockitoTestExecutionListener@50644b37, org.springframework.boot.test.autoconfigure.SpringBootDependencyInjectionTestExecutionListener@58a22a30, org.springframework.test.context.support.DirtiesContextTestExecutionListener@2a6161c4, org.springframework.test.context.transaction.TransactionalTestExecutionListener@319a121, org.springframework.test.context.jdbc.SqlScriptsTestExecutionListener@71d67f86, org.springframework.security.test.context.support.WithSecurityContextTestExecutionListener@38ec2826, org.springframework.security.test.context.support.ReactorContextTestExecutionListener@19a211be, org.springframework.boot.test.autoconfigure.restdocs.RestDocsTestExecutionListener@57fcbb02, org.springframework.boot.test.autoconfigure.web.client.MockRestServiceServerResetTestExecutionListener@1514c434, org.springframework.boot.test.autoconfigure.web.servlet.MockMvcPrintOnlyOnFailureTestExecutionListener@4c6073a8, org.springframework.boot.test.autoconfigure.web.servlet.WebDriverTestExecutionListener@45c6a47b, org.springframework.boot.test.mock.mockito.ResetMocksTestExecutionListener@77d0236a]

  .   ____          _            __ _ _
 /\\ / ___'_ __ _ _(_)_ __  __ _ \ \ \ \
( ( )\___ | '_ | '_| | '_ \/ _` | \ \ \ \
 \\/  ___)| |_)| | | | | || (_| |  ) ) ) )
  '  |____| .__|_| |_|_| |_\__, | / / / /
 =========|_|==============|___/=/_/_/_/
 :: Spring Boot ::        (v2.1.9.RELEASE)

2023-05-06 20:38:05.861  INFO 25332 --- [    Test worker] c.e.b.s.web.HelloControllerTest          : Starting HelloControllerTest on DESKTOP-JJJCJG6 with PID 25332 (started by IkJu in C:\Basic for be Web Developer\awsboard)
2023-05-06 20:38:05.861  INFO 25332 --- [    Test worker] c.e.b.s.web.HelloControllerTest          : No active profile set, falling back to default profiles: default
2023-05-06 20:38:06.342  INFO 25332 --- [    Test worker] o.s.s.concurrent.ThreadPoolTaskExecutor  : Initializing ExecutorService 'applicationTaskExecutor'
2023-05-06 20:38:06.378  INFO 25332 --- [    Test worker] o.s.b.a.w.s.WelcomePageHandlerMapping    : Adding welcome page template: index
2023-05-06 20:38:06.670  INFO 25332 --- [    Test worker] .s.s.UserDetailsServiceAutoConfiguration : 

Using generated security password: ecb646f3-eca5-4cbf-a087-250e29d6498b

2023-05-06 20:38:06.829  INFO 25332 --- [    Test worker] o.s.s.web.DefaultSecurityFilterChain     : Creating filter chain: any request, [org.springframework.security.web.context.request.async.WebAsyncManagerIntegrationFilter@1aa56822, org.springframework.security.web.context.SecurityContextPersistenceFilter@33df3b25, org.springframework.security.web.header.HeaderWriterFilter@3df7a25b, org.springframework.security.web.csrf.CsrfFilter@5ed9a676, org.springframework.security.web.authentication.logout.LogoutFilter@7de52d20, org.springframework.security.web.authentication.UsernamePasswordAuthenticationFilter@765db5fc, org.springframework.security.web.authentication.ui.DefaultLoginPageGeneratingFilter@1bde5210, org.springframework.security.web.authentication.ui.DefaultLogoutPageGeneratingFilter@b898b33, org.springframework.security.web.authentication.www.BasicAuthenticationFilter@263c3d1b, org.springframework.security.web.savedrequest.RequestCacheAwareFilter@4725eec9, org.springframework.security.web.servletapi.SecurityContextHolderAwareRequestFilter@4740790c, org.springframework.security.web.authentication.AnonymousAuthenticationFilter@4c1aabbc, org.springframework.security.web.session.SessionManagementFilter@2e8e5985, org.springframework.security.web.access.ExceptionTranslationFilter@54e41d5a, org.springframework.security.web.access.intercept.FilterSecurityInterceptor@776cd511]
2023-05-06 20:38:06.865  INFO 25332 --- [    Test worker] o.s.b.t.m.w.SpringBootMockServletContext : Initializing Spring TestDispatcherServlet ''
2023-05-06 20:38:06.865  INFO 25332 --- [    Test worker] o.s.t.web.servlet.TestDispatcherServlet  : Initializing Servlet ''
2023-05-06 20:38:06.878  INFO 25332 --- [    Test worker] o.s.t.web.servlet.TestDispatcherServlet  : Completed initialization in 13 ms
2023-05-06 20:38:06.907  INFO 25332 --- [    Test worker] c.e.b.s.web.HelloControllerTest          : Started HelloControllerTest in 1.085 seconds (JVM running for 9.38)
]]></system-out>
  <system-err><![CDATA[]]></system-err>
</testsuite>
